{"/home/travis/build/npmtest/node-npmtest-keypress/test.js":{"path":"/home/travis/build/npmtest/node-npmtest-keypress/test.js","s":{"1":2,"2":2,"3":2,"4":2,"5":2,"6":2,"7":2,"8":1,"9":2,"10":2,"11":1,"12":1,"13":1,"14":1,"15":2,"16":2,"17":2,"18":2,"19":1,"20":1,"21":2,"22":2,"23":2,"24":1,"25":1,"26":1,"27":1,"28":1,"29":1,"30":1,"31":1,"32":1,"33":1,"34":1,"35":1,"36":1,"37":1,"38":1,"39":2,"40":2,"41":1,"42":2,"43":2,"44":1,"45":2,"46":2,"47":1,"48":2,"49":2,"50":1,"51":1,"52":1,"53":1,"54":1},"b":{"1":[2,1,1,1],"2":[1,1,1,1],"3":[1,1],"4":[1,1],"5":[1,1],"6":[1,1],"7":[1,1],"8":[1,1],"9":[1,1],"10":[1,1,1],"11":[1,1],"12":[1,1],"13":[1,1],"14":[1,1],"15":[1,1],"16":[1,1],"17":[1,1]},"f":{"1":2,"2":2,"3":2,"4":2,"5":2,"6":1,"7":1,"8":1,"9":2,"10":2,"11":2,"12":2,"13":1},"fnMap":{"1":{"name":"(anonymous_1)","line":12,"loc":{"start":{"line":12,"column":1},"end":{"line":12,"column":13}}},"2":{"name":"(anonymous_2)","line":19,"loc":{"start":{"line":19,"column":5},"end":{"line":19,"column":17}}},"3":{"name":"(anonymous_3)","line":23,"loc":{"start":{"line":23,"column":24},"end":{"line":23,"column":36}}},"4":{"name":"(anonymous_4)","line":61,"loc":{"start":{"line":61,"column":5},"end":{"line":61,"column":17}}},"5":{"name":"(anonymous_5)","line":82,"loc":{"start":{"line":82,"column":5},"end":{"line":82,"column":17}}},"6":{"name":"(anonymous_6)","line":91,"loc":{"start":{"line":91,"column":77},"end":{"line":94,"column":10}}},"7":{"name":"(anonymous_7)","line":112,"loc":{"start":{"line":112,"column":83},"end":{"line":115,"column":10}},"skip":true},"8":{"name":"(anonymous_8)","line":123,"loc":{"start":{"line":123,"column":77},"end":{"line":126,"column":10}},"skip":true},"9":{"name":"(anonymous_9)","line":139,"loc":{"start":{"line":139,"column":12},"end":{"line":139,"column":40}},"skip":true},"10":{"name":"(anonymous_10)","line":147,"loc":{"start":{"line":147,"column":77},"end":{"line":150,"column":10}},"skip":true},"11":{"name":"(anonymous_11)","line":158,"loc":{"start":{"line":158,"column":83},"end":{"line":161,"column":10}},"skip":true},"12":{"name":"(anonymous_12)","line":169,"loc":{"start":{"line":169,"column":79},"end":{"line":172,"column":10}},"skip":true},"13":{"name":"(anonymous_13)","line":180,"loc":{"start":{"line":180,"column":75},"end":{"line":183,"column":10}},"skip":true}},"statementMap":{"1":{"start":{"line":12,"column":0},"end":{"line":195,"column":5}},"2":{"start":{"line":14,"column":4},"end":{"line":14,"column":14}},"3":{"start":{"line":19,"column":4},"end":{"line":56,"column":9}},"4":{"start":{"line":21,"column":8},"end":{"line":21,"column":19}},"5":{"start":{"line":23,"column":8},"end":{"line":35,"column":13}},"6":{"start":{"line":24,"column":12},"end":{"line":34,"column":13}},"7":{"start":{"line":25,"column":16},"end":{"line":28,"column":30}},"8":{"start":{"line":30,"column":16},"end":{"line":33,"column":27}},"9":{"start":{"line":37,"column":8},"end":{"line":39,"column":21}},"10":{"start":{"line":40,"column":8},"end":{"line":53,"column":9}},"11":{"start":{"line":43,"column":12},"end":{"line":46,"column":14}},"12":{"start":{"line":47,"column":12},"end":{"line":47,"column":18}},"13":{"start":{"line":50,"column":12},"end":{"line":51,"column":33}},"14":{"start":{"line":52,"column":12},"end":{"line":52,"column":18}},"15":{"start":{"line":55,"column":8},"end":{"line":55,"column":35}},"16":{"start":{"line":61,"column":4},"end":{"line":63,"column":9}},"17":{"start":{"line":62,"column":8},"end":{"line":62,"column":15}},"18":{"start":{"line":64,"column":4},"end":{"line":77,"column":5}},"19":{"start":{"line":70,"column":8},"end":{"line":70,"column":14}},"20":{"start":{"line":76,"column":8},"end":{"line":76,"column":14}},"21":{"start":{"line":82,"column":4},"end":{"line":84,"column":9}},"22":{"start":{"line":83,"column":8},"end":{"line":83,"column":15}},"23":{"start":{"line":85,"column":4},"end":{"line":194,"column":5}},"24":{"start":{"line":91,"column":8},"end":{"line":99,"column":10}},"25":{"start":{"line":98,"column":12},"end":{"line":98,"column":35}},"26":{"start":{"line":102,"column":8},"end":{"line":104,"column":63}},"27":{"start":{"line":105,"column":8},"end":{"line":105,"column":14}},"28":{"start":{"line":112,"column":8},"end":{"line":121,"column":10},"skip":true},"29":{"start":{"line":119,"column":12},"end":{"line":119,"column":55},"skip":true},"30":{"start":{"line":120,"column":12},"end":{"line":120,"column":48},"skip":true},"31":{"start":{"line":123,"column":8},"end":{"line":136,"column":10},"skip":true},"32":{"start":{"line":130,"column":12},"end":{"line":130,"column":76},"skip":true},"33":{"start":{"line":131,"column":12},"end":{"line":131,"column":73},"skip":true},"34":{"start":{"line":132,"column":12},"end":{"line":132,"column":74},"skip":true},"35":{"start":{"line":133,"column":12},"end":{"line":133,"column":79},"skip":true},"36":{"start":{"line":134,"column":12},"end":{"line":134,"column":25},"skip":true},"37":{"start":{"line":135,"column":12},"end":{"line":135,"column":45},"skip":true},"38":{"start":{"line":138,"column":8},"end":{"line":145,"column":14},"skip":true},"39":{"start":{"line":143,"column":16},"end":{"line":143,"column":29},"skip":true},"40":{"start":{"line":144,"column":16},"end":{"line":144,"column":55},"skip":true},"41":{"start":{"line":147,"column":8},"end":{"line":156,"column":10},"skip":true},"42":{"start":{"line":154,"column":12},"end":{"line":154,"column":25},"skip":true},"43":{"start":{"line":155,"column":12},"end":{"line":155,"column":45},"skip":true},"44":{"start":{"line":158,"column":8},"end":{"line":167,"column":10},"skip":true},"45":{"start":{"line":165,"column":12},"end":{"line":165,"column":25},"skip":true},"46":{"start":{"line":166,"column":12},"end":{"line":166,"column":48},"skip":true},"47":{"start":{"line":169,"column":8},"end":{"line":178,"column":10},"skip":true},"48":{"start":{"line":176,"column":12},"end":{"line":176,"column":25},"skip":true},"49":{"start":{"line":177,"column":12},"end":{"line":177,"column":46},"skip":true},"50":{"start":{"line":180,"column":8},"end":{"line":189,"column":10},"skip":true},"51":{"start":{"line":187,"column":12},"end":{"line":187,"column":94},"skip":true},"52":{"start":{"line":188,"column":12},"end":{"line":188,"column":48},"skip":true},"53":{"start":{"line":192,"column":8},"end":{"line":192,"column":35},"skip":true},"54":{"start":{"line":193,"column":8},"end":{"line":193,"column":14},"skip":true}},"branchMap":{"1":{"line":25,"type":"binary-expr","locations":[{"start":{"line":25,"column":23},"end":{"line":25,"column":62}},{"start":{"line":26,"column":20},"end":{"line":26,"column":70}},{"start":{"line":27,"column":20},"end":{"line":27,"column":71}},{"start":{"line":28,"column":20},"end":{"line":28,"column":29}}]},"2":{"line":30,"type":"binary-expr","locations":[{"start":{"line":30,"column":23},"end":{"line":30,"column":37}},{"start":{"line":31,"column":20},"end":{"line":31,"column":61}},{"start":{"line":32,"column":20},"end":{"line":32,"column":70}},{"start":{"line":33,"column":20},"end":{"line":33,"column":26}}]},"3":{"line":37,"type":"cond-expr","locations":[{"start":{"line":38,"column":14},"end":{"line":38,"column":20}},{"start":{"line":39,"column":14},"end":{"line":39,"column":20}}]},"4":{"line":40,"type":"switch","locations":[{"start":{"line":42,"column":8},"end":{"line":47,"column":18}},{"start":{"line":49,"column":8},"end":{"line":52,"column":18}}]},"5":{"line":44,"type":"binary-expr","locations":[{"start":{"line":44,"column":16},"end":{"line":44,"column":44}},{"start":{"line":44,"column":48},"end":{"line":44,"column":66}}]},"6":{"line":50,"type":"binary-expr","locations":[{"start":{"line":50,"column":21},"end":{"line":50,"column":49}},{"start":{"line":50,"column":53},"end":{"line":50,"column":72}}]},"7":{"line":64,"type":"switch","locations":[{"start":{"line":69,"column":4},"end":{"line":70,"column":14}},{"start":{"line":75,"column":4},"end":{"line":76,"column":14}}]},"8":{"line":85,"type":"switch","locations":[{"start":{"line":90,"column":4},"end":{"line":105,"column":14}},{"start":{"line":111,"column":4},"end":{"line":193,"column":14},"skip":true}]},"9":{"line":91,"type":"binary-expr","locations":[{"start":{"line":91,"column":42},"end":{"line":91,"column":73}},{"start":{"line":91,"column":77},"end":{"line":99,"column":9}}]},"10":{"line":102,"type":"binary-expr","locations":[{"start":{"line":102,"column":18},"end":{"line":102,"column":32}},{"start":{"line":103,"column":12},"end":{"line":103,"column":53}},{"start":{"line":104,"column":12},"end":{"line":104,"column":61}}]},"11":{"line":112,"type":"binary-expr","locations":[{"start":{"line":112,"column":45},"end":{"line":112,"column":79},"skip":true},{"start":{"line":112,"column":83},"end":{"line":121,"column":9},"skip":true}]},"12":{"line":123,"type":"binary-expr","locations":[{"start":{"line":123,"column":42},"end":{"line":123,"column":73},"skip":true},{"start":{"line":123,"column":77},"end":{"line":136,"column":9},"skip":true}]},"13":{"line":138,"type":"binary-expr","locations":[{"start":{"line":138,"column":48},"end":{"line":138,"column":85},"skip":true},{"start":{"line":139,"column":12},"end":{"line":145,"column":13},"skip":true}]},"14":{"line":147,"type":"binary-expr","locations":[{"start":{"line":147,"column":42},"end":{"line":147,"column":73},"skip":true},{"start":{"line":147,"column":77},"end":{"line":156,"column":9},"skip":true}]},"15":{"line":158,"type":"binary-expr","locations":[{"start":{"line":158,"column":45},"end":{"line":158,"column":79},"skip":true},{"start":{"line":158,"column":83},"end":{"line":167,"column":9},"skip":true}]},"16":{"line":169,"type":"binary-expr","locations":[{"start":{"line":169,"column":43},"end":{"line":169,"column":75},"skip":true},{"start":{"line":169,"column":79},"end":{"line":178,"column":9},"skip":true}]},"17":{"line":180,"type":"binary-expr","locations":[{"start":{"line":180,"column":41},"end":{"line":180,"column":71},"skip":true},{"start":{"line":180,"column":75},"end":{"line":189,"column":9},"skip":true}]}},"code":["/* istanbul instrument in package npmtest_keypress */","/*jslint","    bitwise: true,","    browser: true,","    maxerr: 8,","    maxlen: 96,","    node: true,","    nomen: true,","    regexp: true,","    stupid: true","*/","(function () {","    'use strict';","    var local;","","","","    // run shared js-env code - init-before","    (function () {","        // init local","        local = {};","        // init modeJs","        local.modeJs = (function () {","            try {","                return typeof navigator.userAgent === 'string' &&","                    typeof document.querySelector('body') === 'object' &&","                    typeof XMLHttpRequest.prototype.open === 'function' &&","                    'browser';","            } catch (errorCaughtBrowser) {","                return module.exports &&","                    typeof process.versions.node === 'string' &&","                    typeof require('http').createServer === 'function' &&","                    'node';","            }","        }());","        // init global","        local.global = local.modeJs === 'browser'","            ? window","            : global;","        switch (local.modeJs) {","        // re-init local from window.local","        case 'browser':","            local = local.global.utility2.objectSetDefault(","                local.global.utility2_rollup || local.global.local,","                local.global.utility2","            );","            break;","        // re-init local from example.js","        case 'node':","            local = (local.global.utility2_rollup || require('utility2'))","                .requireReadme();","            break;","        }","        // export local","        local.global.local = local;","    }());","","","","    // run shared js-env code - function","    (function () {","        return;","    }());","    switch (local.modeJs) {","","","","    // run browser js-env code - function","    case 'browser':","        break;","","","","    // run node js-env code - function","    case 'node':","        break;","    }","","","","    // run shared js-env code - init-after","    (function () {","        return;","    }());","    switch (local.modeJs) {","","","","    // run browser js-env code - init-after","    case 'browser':","        local.testCase_browser_nullCase = local.testCase_browser_nullCase || function (","            options,","            onError","        ) {","        /*","         * this function will test browsers's null-case handling-behavior-behavior","         */","            onError(null, options);","        };","","        // run tests","        local.nop(local.modeTest &&","            document.querySelector('#testRunButton1') &&","            document.querySelector('#testRunButton1').click());","        break;","","","","    // run node js-env code - init-after","    /* istanbul ignore next */","    case 'node':","        local.testCase_buildApidoc_default = local.testCase_buildApidoc_default || function (","            options,","            onError","        ) {","        /*","         * this function will test buildApidoc's default handling-behavior-behavior","         */","            options = { modulePathList: module.paths };","            local.buildApidoc(options, onError);","        };","","        local.testCase_buildApp_default = local.testCase_buildApp_default || function (","            options,","            onError","        ) {","        /*","         * this function will test buildApp's default handling-behavior-behavior","         */","            local.testCase_buildReadme_default(options, local.onErrorThrow);","            local.testCase_buildLib_default(options, local.onErrorThrow);","            local.testCase_buildTest_default(options, local.onErrorThrow);","            local.testCase_buildCustomOrg_default(options, local.onErrorThrow);","            options = [];","            local.buildApp(options, onError);","        };","","        local.testCase_buildCustomOrg_default = local.testCase_buildCustomOrg_default ||","            function (options, onError) {","            /*","             * this function will test buildCustomOrg's default handling-behavior","             */","                options = {};","                local.buildCustomOrg(options, onError);","            };","","        local.testCase_buildLib_default = local.testCase_buildLib_default || function (","            options,","            onError","        ) {","        /*","         * this function will test buildLib's default handling-behavior","         */","            options = {};","            local.buildLib(options, onError);","        };","","        local.testCase_buildReadme_default = local.testCase_buildReadme_default || function (","            options,","            onError","        ) {","        /*","         * this function will test buildReadme's default handling-behavior-behavior","         */","            options = {};","            local.buildReadme(options, onError);","        };","","        local.testCase_buildTest_default = local.testCase_buildTest_default || function (","            options,","            onError","        ) {","        /*","         * this function will test buildTest's default handling-behavior","         */","            options = {};","            local.buildTest(options, onError);","        };","","        local.testCase_webpage_default = local.testCase_webpage_default || function (","            options,","            onError","        ) {","        /*","         * this function will test webpage's default handling-behavior","         */","            options = { modeCoverageMerge: true, url: local.serverLocalHost + '?modeTest=1' };","            local.browserTest(options, onError);","        };","","        // run test-server","        local.testRunServer(local);","        break;","    }","}());",""],"l":{"12":2,"14":2,"19":2,"21":2,"23":2,"24":2,"25":2,"30":1,"37":2,"40":2,"43":1,"47":1,"50":1,"52":1,"55":2,"61":2,"62":2,"64":2,"70":1,"76":1,"82":2,"83":2,"85":2,"91":1,"98":1,"102":1,"105":1,"112":1,"119":1,"120":1,"123":1,"130":1,"131":1,"132":1,"133":1,"134":1,"135":1,"138":1,"143":2,"144":2,"147":1,"154":2,"155":2,"158":1,"165":2,"166":2,"169":1,"176":2,"177":2,"180":1,"187":1,"188":1,"192":1,"193":1}},"/home/travis/build/npmtest/node-npmtest-keypress/lib.npmtest_keypress.js":{"path":"/home/travis/build/npmtest/node-npmtest-keypress/lib.npmtest_keypress.js","s":{"1":2,"2":2,"3":2,"4":2,"5":2,"6":2,"7":2,"8":1,"9":2,"10":2,"11":2,"12":2,"13":1,"14":1,"15":1,"16":1},"b":{"1":[2,1,1,1],"2":[1,1,1,1],"3":[1,1],"4":[2,2],"5":[1,1]},"f":{"1":2,"2":2,"3":2},"fnMap":{"1":{"name":"(anonymous_1)","line":12,"loc":{"start":{"line":12,"column":1},"end":{"line":12,"column":13}}},"2":{"name":"(anonymous_2)","line":19,"loc":{"start":{"line":19,"column":5},"end":{"line":19,"column":17}}},"3":{"name":"(anonymous_3)","line":23,"loc":{"start":{"line":23,"column":24},"end":{"line":23,"column":36}}}},"statementMap":{"1":{"start":{"line":12,"column":0},"end":{"line":53,"column":5}},"2":{"start":{"line":14,"column":4},"end":{"line":14,"column":14}},"3":{"start":{"line":19,"column":4},"end":{"line":52,"column":9}},"4":{"start":{"line":21,"column":8},"end":{"line":21,"column":19}},"5":{"start":{"line":23,"column":8},"end":{"line":35,"column":13}},"6":{"start":{"line":24,"column":12},"end":{"line":34,"column":13}},"7":{"start":{"line":25,"column":16},"end":{"line":28,"column":30}},"8":{"start":{"line":30,"column":16},"end":{"line":33,"column":27}},"9":{"start":{"line":37,"column":8},"end":{"line":39,"column":21}},"10":{"start":{"line":41,"column":8},"end":{"line":41,"column":54}},"11":{"start":{"line":43,"column":8},"end":{"line":43,"column":53}},"12":{"start":{"line":45,"column":8},"end":{"line":51,"column":9}},"13":{"start":{"line":46,"column":12},"end":{"line":46,"column":59}},"14":{"start":{"line":48,"column":12},"end":{"line":48,"column":35}},"15":{"start":{"line":49,"column":12},"end":{"line":49,"column":49}},"16":{"start":{"line":50,"column":12},"end":{"line":50,"column":43}}},"branchMap":{"1":{"line":25,"type":"binary-expr","locations":[{"start":{"line":25,"column":23},"end":{"line":25,"column":62}},{"start":{"line":26,"column":20},"end":{"line":26,"column":70}},{"start":{"line":27,"column":20},"end":{"line":27,"column":71}},{"start":{"line":28,"column":20},"end":{"line":28,"column":29}}]},"2":{"line":30,"type":"binary-expr","locations":[{"start":{"line":30,"column":23},"end":{"line":30,"column":37}},{"start":{"line":31,"column":20},"end":{"line":31,"column":61}},{"start":{"line":32,"column":20},"end":{"line":32,"column":70}},{"start":{"line":33,"column":20},"end":{"line":33,"column":26}}]},"3":{"line":37,"type":"cond-expr","locations":[{"start":{"line":38,"column":14},"end":{"line":38,"column":20}},{"start":{"line":39,"column":14},"end":{"line":39,"column":20}}]},"4":{"line":41,"type":"binary-expr","locations":[{"start":{"line":41,"column":16},"end":{"line":41,"column":44}},{"start":{"line":41,"column":48},"end":{"line":41,"column":53}}]},"5":{"line":45,"type":"if","locations":[{"start":{"line":45,"column":8},"end":{"line":45,"column":8}},{"start":{"line":45,"column":8},"end":{"line":45,"column":8}}]}},"code":["/* istanbul instrument in package npmtest_keypress */","/*jslint","    bitwise: true,","    browser: true,","    maxerr: 8,","    maxlen: 96,","    node: true,","    nomen: true,","    regexp: true,","    stupid: true","*/","(function () {","    'use strict';","    var local;","","","","    // run shared js-env code - init-before","    (function () {","        // init local","        local = {};","        // init modeJs","        local.modeJs = (function () {","            try {","                return typeof navigator.userAgent === 'string' &&","                    typeof document.querySelector('body') === 'object' &&","                    typeof XMLHttpRequest.prototype.open === 'function' &&","                    'browser';","            } catch (errorCaughtBrowser) {","                return module.exports &&","                    typeof process.versions.node === 'string' &&","                    typeof require('http').createServer === 'function' &&","                    'node';","            }","        }());","        // init global","        local.global = local.modeJs === 'browser'","            ? window","            : global;","        // init utility2_rollup","        local = local.global.utility2_rollup || local;","        // init lib","        local.local = local.npmtest_keypress = local;","        // init exports","        if (local.modeJs === 'browser') {","            local.global.utility2_npmtest_keypress = local;","        } else {","            module.exports = local;","            module.exports.__dirname = __dirname;","            module.exports.module = module;","        }","    }());","}());",""],"l":{"12":2,"14":2,"19":2,"21":2,"23":2,"24":2,"25":2,"30":1,"37":2,"41":2,"43":2,"45":2,"46":1,"48":1,"49":1,"50":1}},"/home/travis/build/npmtest/node-npmtest-keypress/example.js":{"path":"/home/travis/build/npmtest/node-npmtest-keypress/example.js","s":{"1":2,"2":2,"3":2,"4":2,"5":2,"6":2,"7":2,"8":1,"9":2,"10":2,"11":2,"12":2,"13":1,"14":2,"15":2,"16":2,"17":2,"18":2,"19":0,"20":2,"21":1,"22":1,"23":1,"24":1,"25":1,"26":0,"27":0,"28":1,"29":1,"30":2,"31":0,"32":0,"33":0,"34":1,"35":2,"36":2,"37":3,"38":3,"39":3,"40":3,"41":0,"42":3,"43":3,"44":3,"45":1,"46":3,"47":1,"48":1,"49":1,"50":1,"51":1,"52":1,"53":1,"54":1,"55":1,"56":1,"57":0,"58":1,"59":6,"60":6,"61":1,"62":2,"63":0,"64":2,"65":1,"66":1,"67":0,"68":0,"69":0,"70":0,"71":0,"72":0,"73":0,"74":0,"75":0,"76":0,"77":0,"78":0,"79":0,"80":0,"81":0,"82":0,"83":0},"b":{"1":[2,1,1,1],"2":[1,1,1,1],"3":[1,1],"4":[2,2],"5":[1,1],"6":[1,1],"7":[2,0],"8":[2,1,1,1,1,1],"9":[0,2,0],"10":[1,1],"11":[2,1,1],"12":[1,0],"13":[0,2],"14":[2,0,0,0,0,0,0],"15":[0,3],"16":[3,0],"17":[1,1],"18":[0,1],"19":[1,2,0,2],"20":[1,0],"21":[1,1],"22":[0,0],"23":[0,0],"24":[0,0],"25":[0,0],"26":[0,0],"27":[0,0],"28":[0,0]},"f":{"1":2,"2":2,"3":2,"4":2,"5":2,"6":2,"7":3,"8":3,"9":3,"10":1,"11":6,"12":0},"fnMap":{"1":{"name":"(anonymous_1)","line":26,"loc":{"start":{"line":26,"column":1},"end":{"line":26,"column":13}}},"2":{"name":"(anonymous_2)","line":33,"loc":{"start":{"line":33,"column":5},"end":{"line":33,"column":17}}},"3":{"name":"(anonymous_3)","line":37,"loc":{"start":{"line":37,"column":24},"end":{"line":37,"column":36}}},"4":{"name":"(anonymous_4)","line":69,"loc":{"start":{"line":69,"column":31},"end":{"line":69,"column":48}},"skip":true},"5":{"name":"(anonymous_5)","line":78,"loc":{"start":{"line":78,"column":26},"end":{"line":78,"column":45}},"skip":true},"6":{"name":"(anonymous_6)","line":123,"loc":{"start":{"line":123,"column":33},"end":{"line":123,"column":48}},"skip":true},"7":{"name":"(anonymous_7)","line":125,"loc":{"start":{"line":125,"column":27},"end":{"line":125,"column":39}},"skip":true},"8":{"name":"(anonymous_8)","line":133,"loc":{"start":{"line":133,"column":59},"end":{"line":133,"column":74}},"skip":true},"9":{"name":"(anonymous_9)","line":143,"loc":{"start":{"line":143,"column":45},"end":{"line":143,"column":62}},"skip":true},"10":{"name":"(anonymous_10)","line":144,"loc":{"start":{"line":144,"column":73},"end":{"line":144,"column":92}},"skip":true},"11":{"name":"(anonymous_11)","line":272,"loc":{"start":{"line":272,"column":51},"end":{"line":272,"column":77}},"skip":true},"12":{"name":"(anonymous_12)","line":315,"loc":{"start":{"line":315,"column":32},"end":{"line":315,"column":61}},"skip":true}},"statementMap":{"1":{"start":{"line":26,"column":0},"end":{"line":326,"column":5}},"2":{"start":{"line":28,"column":4},"end":{"line":28,"column":14}},"3":{"start":{"line":33,"column":4},"end":{"line":60,"column":9}},"4":{"start":{"line":35,"column":8},"end":{"line":35,"column":19}},"5":{"start":{"line":37,"column":8},"end":{"line":49,"column":13}},"6":{"start":{"line":38,"column":12},"end":{"line":48,"column":13}},"7":{"start":{"line":39,"column":16},"end":{"line":42,"column":30}},"8":{"start":{"line":44,"column":16},"end":{"line":47,"column":27}},"9":{"start":{"line":51,"column":8},"end":{"line":53,"column":21}},"10":{"start":{"line":55,"column":8},"end":{"line":57,"column":45}},"11":{"start":{"line":59,"column":8},"end":{"line":59,"column":35}},"12":{"start":{"line":61,"column":4},"end":{"line":325,"column":5}},"13":{"start":{"line":69,"column":8},"end":{"line":121,"column":10},"skip":true},"14":{"start":{"line":70,"column":12},"end":{"line":88,"column":13},"skip":true},"15":{"start":{"line":76,"column":16},"end":{"line":87,"column":19},"skip":true},"16":{"start":{"line":79,"column":20},"end":{"line":86,"column":21},"skip":true},"17":{"start":{"line":82,"column":24},"end":{"line":82,"column":43},"skip":true},"18":{"start":{"line":83,"column":24},"end":{"line":83,"column":30},"skip":true},"19":{"start":{"line":85,"column":24},"end":{"line":85,"column":49},"skip":true},"20":{"start":{"line":89,"column":12},"end":{"line":107,"column":13},"skip":true},"21":{"start":{"line":92,"column":16},"end":{"line":102,"column":17},"skip":true},"22":{"start":{"line":93,"column":20},"end":{"line":93,"column":86},"skip":true},"23":{"start":{"line":94,"column":20},"end":{"line":95,"column":45},"skip":true},"24":{"start":{"line":96,"column":20},"end":{"line":96,"column":42},"skip":true},"25":{"start":{"line":97,"column":20},"end":{"line":97,"column":48},"skip":true},"26":{"start":{"line":100,"column":20},"end":{"line":100,"column":85},"skip":true},"27":{"start":{"line":101,"column":20},"end":{"line":101,"column":96},"skip":true},"28":{"start":{"line":103,"column":16},"end":{"line":103,"column":22},"skip":true},"29":{"start":{"line":106,"column":16},"end":{"line":106,"column":22},"skip":true},"30":{"start":{"line":108,"column":12},"end":{"line":120,"column":13},"skip":true},"31":{"start":{"line":114,"column":16},"end":{"line":119,"column":17},"skip":true},"32":{"start":{"line":116,"column":20},"end":{"line":116,"column":78},"skip":true},"33":{"start":{"line":118,"column":20},"end":{"line":118,"column":47},"skip":true},"34":{"start":{"line":123,"column":8},"end":{"line":141,"column":11},"skip":true},"35":{"start":{"line":124,"column":12},"end":{"line":124,"column":54},"skip":true},"36":{"start":{"line":125,"column":12},"end":{"line":140,"column":14},"skip":true},"37":{"start":{"line":126,"column":16},"end":{"line":126,"column":28},"skip":true},"38":{"start":{"line":127,"column":16},"end":{"line":127,"column":69},"skip":true},"39":{"start":{"line":128,"column":16},"end":{"line":128,"column":75},"skip":true},"40":{"start":{"line":129,"column":16},"end":{"line":131,"column":17},"skip":true},"41":{"start":{"line":130,"column":20},"end":{"line":130,"column":27},"skip":true},"42":{"start":{"line":133,"column":16},"end":{"line":137,"column":36},"skip":true},"43":{"start":{"line":134,"column":20},"end":{"line":136,"column":55},"skip":true},"44":{"start":{"line":139,"column":16},"end":{"line":139,"column":57},"skip":true},"45":{"start":{"line":143,"column":8},"end":{"line":147,"column":11},"skip":true},"46":{"start":{"line":144,"column":12},"end":{"line":146,"column":15},"skip":true},"47":{"start":{"line":145,"column":16},"end":{"line":145,"column":70},"skip":true},"48":{"start":{"line":149,"column":8},"end":{"line":149,"column":31},"skip":true},"49":{"start":{"line":150,"column":8},"end":{"line":150,"column":14},"skip":true},"50":{"start":{"line":158,"column":8},"end":{"line":158,"column":31},"skip":true},"51":{"start":{"line":160,"column":8},"end":{"line":160,"column":33},"skip":true},"52":{"start":{"line":161,"column":8},"end":{"line":161,"column":37},"skip":true},"53":{"start":{"line":162,"column":8},"end":{"line":162,"column":35},"skip":true},"54":{"start":{"line":164,"column":8},"end":{"line":164,"column":50},"skip":true},"55":{"start":{"line":166,"column":8},"end":{"line":256,"column":2},"skip":true},"56":{"start":{"line":258,"column":8},"end":{"line":286,"column":9},"skip":true},"57":{"start":{"line":259,"column":12},"end":{"line":269,"column":14},"skip":true},"58":{"start":{"line":271,"column":12},"end":{"line":285,"column":19},"skip":true},"59":{"start":{"line":274,"column":20},"end":{"line":274,"column":35},"skip":true},"60":{"start":{"line":275,"column":20},"end":{"line":284,"column":21},"skip":true},"61":{"start":{"line":277,"column":24},"end":{"line":277,"column":64},"skip":true},"62":{"start":{"line":279,"column":24},"end":{"line":279,"column":40},"skip":true},"63":{"start":{"line":281,"column":24},"end":{"line":281,"column":40},"skip":true},"64":{"start":{"line":283,"column":24},"end":{"line":283,"column":39},"skip":true},"65":{"start":{"line":288,"column":8},"end":{"line":290,"column":9},"skip":true},"66":{"start":{"line":289,"column":12},"end":{"line":289,"column":18},"skip":true},"67":{"start":{"line":291,"column":8},"end":{"line":293,"column":54},"skip":true},"68":{"start":{"line":296,"column":8},"end":{"line":301,"column":37},"skip":true},"69":{"start":{"line":303,"column":8},"end":{"line":303,"column":82},"skip":true},"70":{"start":{"line":306,"column":8},"end":{"line":308,"column":9},"skip":true},"71":{"start":{"line":307,"column":12},"end":{"line":307,"column":82},"skip":true},"72":{"start":{"line":310,"column":8},"end":{"line":312,"column":9},"skip":true},"73":{"start":{"line":311,"column":12},"end":{"line":311,"column":18},"skip":true},"74":{"start":{"line":313,"column":8},"end":{"line":313,"column":54},"skip":true},"75":{"start":{"line":314,"column":8},"end":{"line":314,"column":69},"skip":true},"76":{"start":{"line":315,"column":8},"end":{"line":323,"column":36},"skip":true},"77":{"start":{"line":316,"column":12},"end":{"line":316,"column":61},"skip":true},"78":{"start":{"line":317,"column":12},"end":{"line":320,"column":13},"skip":true},"79":{"start":{"line":318,"column":16},"end":{"line":318,"column":75},"skip":true},"80":{"start":{"line":319,"column":16},"end":{"line":319,"column":23},"skip":true},"81":{"start":{"line":321,"column":12},"end":{"line":321,"column":38},"skip":true},"82":{"start":{"line":322,"column":12},"end":{"line":322,"column":27},"skip":true},"83":{"start":{"line":324,"column":8},"end":{"line":324,"column":14},"skip":true}},"branchMap":{"1":{"line":39,"type":"binary-expr","locations":[{"start":{"line":39,"column":23},"end":{"line":39,"column":62}},{"start":{"line":40,"column":20},"end":{"line":40,"column":70}},{"start":{"line":41,"column":20},"end":{"line":41,"column":71}},{"start":{"line":42,"column":20},"end":{"line":42,"column":29}}]},"2":{"line":44,"type":"binary-expr","locations":[{"start":{"line":44,"column":23},"end":{"line":44,"column":37}},{"start":{"line":45,"column":20},"end":{"line":45,"column":61}},{"start":{"line":46,"column":20},"end":{"line":46,"column":70}},{"start":{"line":47,"column":20},"end":{"line":47,"column":26}}]},"3":{"line":51,"type":"cond-expr","locations":[{"start":{"line":52,"column":14},"end":{"line":52,"column":20}},{"start":{"line":53,"column":14},"end":{"line":53,"column":20}}]},"4":{"line":55,"type":"binary-expr","locations":[{"start":{"line":55,"column":16},"end":{"line":55,"column":44}},{"start":{"line":55,"column":49},"end":{"line":57,"column":43}}]},"5":{"line":55,"type":"cond-expr","locations":[{"start":{"line":56,"column":14},"end":{"line":56,"column":52}},{"start":{"line":57,"column":14},"end":{"line":57,"column":43}}]},"6":{"line":61,"type":"switch","locations":[{"start":{"line":68,"column":4},"end":{"line":150,"column":14},"skip":true},{"start":{"line":156,"column":4},"end":{"line":324,"column":14},"skip":true}]},"7":{"line":70,"type":"if","locations":[{"start":{"line":70,"column":12},"end":{"line":70,"column":12},"skip":true},{"start":{"line":70,"column":12},"end":{"line":70,"column":12},"skip":true}]},"8":{"line":70,"type":"binary-expr","locations":[{"start":{"line":70,"column":16},"end":{"line":70,"column":22},"skip":true},{"start":{"line":70,"column":27},"end":{"line":70,"column":32},"skip":true},{"start":{"line":71,"column":20},"end":{"line":71,"column":39},"skip":true},{"start":{"line":72,"column":20},"end":{"line":72,"column":49},"skip":true},{"start":{"line":73,"column":20},"end":{"line":73,"column":58},"skip":true},{"start":{"line":74,"column":20},"end":{"line":74,"column":69},"skip":true}]},"9":{"line":79,"type":"switch","locations":[{"start":{"line":80,"column":20},"end":{"line":80,"column":33},"skip":true},{"start":{"line":81,"column":20},"end":{"line":83,"column":30},"skip":true},{"start":{"line":84,"column":20},"end":{"line":85,"column":49},"skip":true}]},"10":{"line":89,"type":"switch","locations":[{"start":{"line":90,"column":12},"end":{"line":103,"column":22},"skip":true},{"start":{"line":105,"column":12},"end":{"line":106,"column":22},"skip":true}]},"11":{"line":89,"type":"binary-expr","locations":[{"start":{"line":89,"column":20},"end":{"line":89,"column":25},"skip":true},{"start":{"line":89,"column":29},"end":{"line":89,"column":48},"skip":true},{"start":{"line":89,"column":52},"end":{"line":89,"column":74},"skip":true}]},"12":{"line":92,"type":"if","locations":[{"start":{"line":92,"column":16},"end":{"line":92,"column":16},"skip":true},{"start":{"line":92,"column":16},"end":{"line":92,"column":16},"skip":true}]},"13":{"line":108,"type":"if","locations":[{"start":{"line":108,"column":12},"end":{"line":108,"column":12},"skip":true},{"start":{"line":108,"column":12},"end":{"line":108,"column":12},"skip":true}]},"14":{"line":108,"type":"binary-expr","locations":[{"start":{"line":108,"column":16},"end":{"line":108,"column":61},"skip":true},{"start":{"line":108,"column":66},"end":{"line":108,"column":72},"skip":true},{"start":{"line":108,"column":77},"end":{"line":108,"column":82},"skip":true},{"start":{"line":109,"column":20},"end":{"line":109,"column":39},"skip":true},{"start":{"line":110,"column":20},"end":{"line":110,"column":49},"skip":true},{"start":{"line":111,"column":20},"end":{"line":111,"column":58},"skip":true},{"start":{"line":112,"column":20},"end":{"line":112,"column":68},"skip":true}]},"15":{"line":129,"type":"if","locations":[{"start":{"line":129,"column":16},"end":{"line":129,"column":16},"skip":true},{"start":{"line":129,"column":16},"end":{"line":129,"column":16},"skip":true}]},"16":{"line":134,"type":"cond-expr","locations":[{"start":{"line":135,"column":26},"end":{"line":135,"column":29},"skip":true},{"start":{"line":136,"column":26},"end":{"line":136,"column":54},"skip":true}]},"17":{"line":164,"type":"binary-expr","locations":[{"start":{"line":164,"column":27},"end":{"line":164,"column":43},"skip":true},{"start":{"line":164,"column":47},"end":{"line":164,"column":49},"skip":true}]},"18":{"line":258,"type":"if","locations":[{"start":{"line":258,"column":8},"end":{"line":258,"column":8},"skip":true},{"start":{"line":258,"column":8},"end":{"line":258,"column":8},"skip":true}]},"19":{"line":275,"type":"switch","locations":[{"start":{"line":276,"column":20},"end":{"line":277,"column":64},"skip":true},{"start":{"line":278,"column":20},"end":{"line":279,"column":40},"skip":true},{"start":{"line":280,"column":20},"end":{"line":281,"column":40},"skip":true},{"start":{"line":282,"column":20},"end":{"line":283,"column":39},"skip":true}]},"20":{"line":288,"type":"if","locations":[{"start":{"line":288,"column":8},"end":{"line":288,"column":8},"skip":true},{"start":{"line":288,"column":8},"end":{"line":288,"column":8},"skip":true}]},"21":{"line":288,"type":"binary-expr","locations":[{"start":{"line":288,"column":12},"end":{"line":288,"column":40},"skip":true},{"start":{"line":288,"column":44},"end":{"line":288,"column":67},"skip":true}]},"22":{"line":292,"type":"binary-expr","locations":[{"start":{"line":292,"column":12},"end":{"line":292,"column":50},"skip":true},{"start":{"line":293,"column":12},"end":{"line":293,"column":53},"skip":true}]},"23":{"line":297,"type":"binary-expr","locations":[{"start":{"line":297,"column":12},"end":{"line":297,"column":66},"skip":true},{"start":{"line":298,"column":12},"end":{"line":301,"column":36},"skip":true}]},"24":{"line":303,"type":"binary-expr","locations":[{"start":{"line":303,"column":43},"end":{"line":303,"column":75},"skip":true},{"start":{"line":303,"column":79},"end":{"line":303,"column":81},"skip":true}]},"25":{"line":306,"type":"if","locations":[{"start":{"line":306,"column":8},"end":{"line":306,"column":8},"skip":true},{"start":{"line":306,"column":8},"end":{"line":306,"column":8},"skip":true}]},"26":{"line":310,"type":"if","locations":[{"start":{"line":310,"column":8},"end":{"line":310,"column":8},"skip":true},{"start":{"line":310,"column":8},"end":{"line":310,"column":8},"skip":true}]},"27":{"line":313,"type":"binary-expr","locations":[{"start":{"line":313,"column":27},"end":{"line":313,"column":43},"skip":true},{"start":{"line":313,"column":47},"end":{"line":313,"column":53},"skip":true}]},"28":{"line":317,"type":"if","locations":[{"start":{"line":317,"column":12},"end":{"line":317,"column":12},"skip":true},{"start":{"line":317,"column":12},"end":{"line":317,"column":12},"skip":true}]}},"code":["/*","example.js","","quickstart example","","instruction","    1. save this script as example.js","    2. run the shell command:","        $ npm install npmtest-keypress && PORT=8081 node example.js","    3. play with the browser-demo on http://127.0.0.1:8081","*/","","","","/* istanbul instrument in package npmtest_keypress */","/*jslint","    bitwise: true,","    browser: true,","    maxerr: 8,","    maxlen: 96,","    node: true,","    nomen: true,","    regexp: true,","    stupid: true","*/","(function () {","    'use strict';","    var local;","","","","    // run shared js-env code - init-before","    (function () {","        // init local","        local = {};","        // init modeJs","        local.modeJs = (function () {","            try {","                return typeof navigator.userAgent === 'string' &&","                    typeof document.querySelector('body') === 'object' &&","                    typeof XMLHttpRequest.prototype.open === 'function' &&","                    'browser';","            } catch (errorCaughtBrowser) {","                return module.exports &&","                    typeof process.versions.node === 'string' &&","                    typeof require('http').createServer === 'function' &&","                    'node';","            }","        }());","        // init global","        local.global = local.modeJs === 'browser'","            ? window","            : global;","        // init utility2_rollup","        local = local.global.utility2_rollup || (local.modeJs === 'browser'","            ? local.global.utility2_npmtest_keypress","            : global.utility2_moduleExports);","        // export local","        local.global.local = local;","    }());","    switch (local.modeJs) {","","","","    // init-after","    // run browser js-env code - init-after","    /* istanbul ignore next */","    case 'browser':","        local.testRunBrowser = function (event) {","            if (!event || (event &&","                    event.currentTarget &&","                    event.currentTarget.className &&","                    event.currentTarget.className.includes &&","                    event.currentTarget.className.includes('onreset'))) {","                // reset output","                Array.from(","                    document.querySelectorAll('body > .resettable')","                ).forEach(function (element) {","                    switch (element.tagName) {","                    case 'INPUT':","                    case 'TEXTAREA':","                        element.value = '';","                        break;","                    default:","                        element.textContent = '';","                    }","                });","            }","            switch (event && event.currentTarget && event.currentTarget.id) {","            case 'testRunButton1':","                // show tests","                if (document.querySelector('#testReportDiv1').style.display === 'none') {","                    document.querySelector('#testReportDiv1').style.display = 'block';","                    document.querySelector('#testRunButton1').textContent =","                        'hide internal test';","                    local.modeTest = true;","                    local.testRunDefault(local);","                // hide tests","                } else {","                    document.querySelector('#testReportDiv1').style.display = 'none';","                    document.querySelector('#testRunButton1').textContent = 'run internal test';","                }","                break;","            // custom-case","            default:","                break;","            }","            if (document.querySelector('#inputTextareaEval1') && (!event || (event &&","                    event.currentTarget &&","                    event.currentTarget.className &&","                    event.currentTarget.className.includes &&","                    event.currentTarget.className.includes('oneval')))) {","                // try to eval input-code","                try {","                    /*jslint evil: true*/","                    eval(document.querySelector('#inputTextareaEval1').value);","                } catch (errorCaught) {","                    console.error(errorCaught);","                }","            }","        };","        // log stderr and stdout to #outputTextareaStdout1","        ['error', 'log'].forEach(function (key) {","            console[key + '_original'] = console[key];","            console[key] = function () {","                var element;","                console[key + '_original'].apply(console, arguments);","                element = document.querySelector('#outputTextareaStdout1');","                if (!element) {","                    return;","                }","                // append text to #outputTextareaStdout1","                element.value += Array.from(arguments).map(function (arg) {","                    return typeof arg === 'string'","                        ? arg","                        : JSON.stringify(arg, null, 4);","                }).join(' ') + '\\n';","                // scroll textarea to bottom","                element.scrollTop = element.scrollHeight;","            };","        });","        // init event-handling","        ['change', 'click', 'keyup'].forEach(function (event) {","            Array.from(document.querySelectorAll('.on' + event)).forEach(function (element) {","                element.addEventListener(event, local.testRunBrowser);","            });","        });","        // run tests","        local.testRunBrowser();","        break;","","","","    // run node js-env code - init-after","    /* istanbul ignore next */","    case 'node':","        // export local","        module.exports = local;","        // require modules","        local.fs = require('fs');","        local.http = require('http');","        local.url = require('url');","        // init assets","        local.assetsDict = local.assetsDict || {};","        /* jslint-ignore-begin */","        local.assetsDict['/assets.index.template.html'] = '\\","<!doctype html>\\n\\","<html lang=\"en\">\\n\\","<head>\\n\\","<meta charset=\"UTF-8\">\\n\\","<meta name=\"viewport\" content=\"width=device-width, initial-scale=1\">\\n\\","<title>{{env.npm_package_name}} (v{{env.npm_package_version}})</title>\\n\\","<style>\\n\\","/*csslint\\n\\","    box-sizing: false,\\n\\","    universal-selector: false\\n\\","*/\\n\\","* {\\n\\","    box-sizing: border-box;\\n\\","}\\n\\","body {\\n\\","    background: #dde;\\n\\","    font-family: Arial, Helvetica, sans-serif;\\n\\","    margin: 2rem;\\n\\","}\\n\\","body > * {\\n\\","    margin-bottom: 1rem;\\n\\","}\\n\\",".utility2FooterDiv {\\n\\","    margin-top: 20px;\\n\\","    text-align: center;\\n\\","}\\n\\","</style>\\n\\","<style>\\n\\","/*csslint\\n\\","*/\\n\\","textarea {\\n\\","    font-family: monospace;\\n\\","    height: 10rem;\\n\\","    width: 100%;\\n\\","}\\n\\","textarea[readonly] {\\n\\","    background: #ddd;\\n\\","}\\n\\","</style>\\n\\","</head>\\n\\","<body>\\n\\","<!-- utility2-comment\\n\\","<div id=\"ajaxProgressDiv1\" style=\"background: #d00; height: 2px; left: 0; margin: 0; padding: 0; position: fixed; top: 0; transition: background 0.5s, width 1.5s; width: 25%;\"></div>\\n\\","utility2-comment -->\\n\\","<h1>\\n\\","<!-- utility2-comment\\n\\","    <a\\n\\","        {{#if env.npm_package_homepage}}\\n\\","        href=\"{{env.npm_package_homepage}}\"\\n\\","        {{/if env.npm_package_homepage}}\\n\\","        target=\"_blank\"\\n\\","    >\\n\\","utility2-comment -->\\n\\","        {{env.npm_package_name}} (v{{env.npm_package_version}})\\n\\","<!-- utility2-comment\\n\\","    </a>\\n\\","utility2-comment -->\\n\\","</h1>\\n\\","<h3>{{env.npm_package_description}}</h3>\\n\\","<!-- utility2-comment\\n\\","<h4><a download href=\"assets.app.js\">download standalone app</a></h4>\\n\\","<button class=\"onclick onreset\" id=\"testRunButton1\">run internal test</button><br>\\n\\","<div id=\"testReportDiv1\" style=\"display: none;\"></div>\\n\\","utility2-comment -->\\n\\","\\n\\","\\n\\","\\n\\","<label>stderr and stdout</label>\\n\\","<textarea class=\"resettable\" id=\"outputTextareaStdout1\" readonly></textarea>\\n\\","<!-- utility2-comment\\n\\","{{#if isRollup}}\\n\\","<script src=\"assets.app.js\"></script>\\n\\","{{#unless isRollup}}\\n\\","utility2-comment -->\\n\\","<script src=\"assets.utility2.rollup.js\"></script>\\n\\","<script src=\"jsonp.utility2._stateInit?callback=window.utility2._stateInit\"></script>\\n\\","<script src=\"assets.npmtest_keypress.rollup.js\"></script>\\n\\","<script src=\"assets.example.js\"></script>\\n\\","<script src=\"assets.test.js\"></script>\\n\\","<!-- utility2-comment\\n\\","{{/if isRollup}}\\n\\","utility2-comment -->\\n\\","<div class=\"utility2FooterDiv\">\\n\\","    [ this app was created with\\n\\","    <a href=\"https://github.com/kaizhu256/node-utility2\" target=\"_blank\">utility2</a>\\n\\","    ]\\n\\","</div>\\n\\","</body>\\n\\","</html>\\n\\","';","        /* jslint-ignore-end */","        if (local.templateRender) {","            local.assetsDict['/'] = local.templateRender(","                local.assetsDict['/assets.index.template.html'],","                {","                    env: local.objectSetDefault(local.env, {","                        npm_package_description: 'the greatest app in the world!',","                        npm_package_name: 'my-app',","                        npm_package_nameAlias: 'my_app',","                        npm_package_version: '0.0.1'","                    })","                }","            );","        } else {","            local.assetsDict['/'] = local.assetsDict['/assets.index.template.html']","                .replace((/\\{\\{env\\.(\\w+?)\\}\\}/g), function (match0, match1) {","                    // jslint-hack","                    String(match0);","                    switch (match1) {","                    case 'npm_package_description':","                        return 'the greatest app in the world!';","                    case 'npm_package_name':","                        return 'my-app';","                    case 'npm_package_nameAlias':","                        return 'my_app';","                    case 'npm_package_version':","                        return '0.0.1';","                    }","                });","        }","        // run the cli","        if (local.global.utility2_rollup || module !== require.main) {","            break;","        }","        local.assetsDict['/assets.example.js'] =","            local.assetsDict['/assets.example.js'] ||","            local.fs.readFileSync(__filename, 'utf8');","        // bug-workaround - long $npm_package_buildCustomOrg","        /* jslint-ignore-begin */","        local.assetsDict['/assets.npmtest_keypress.rollup.js'] =","            local.assetsDict['/assets.npmtest_keypress.rollup.js'] ||","            local.fs.readFileSync(","                local.npmtest_keypress.__dirname + '/lib.npmtest_keypress.js',","                'utf8'","            ).replace((/^#!/), '//');","        /* jslint-ignore-end */","        local.assetsDict['/favicon.ico'] = local.assetsDict['/favicon.ico'] || '';","        // if $npm_config_timeout_exit exists,","        // then exit this process after $npm_config_timeout_exit ms","        if (Number(process.env.npm_config_timeout_exit)) {","            setTimeout(process.exit, Number(process.env.npm_config_timeout_exit));","        }","        // start server","        if (local.global.utility2_serverHttp1) {","            break;","        }","        process.env.PORT = process.env.PORT || '8081';","        console.error('server starting on port ' + process.env.PORT);","        local.http.createServer(function (request, response) {","            request.urlParsed = local.url.parse(request.url);","            if (local.assetsDict[request.urlParsed.pathname] !== undefined) {","                response.end(local.assetsDict[request.urlParsed.pathname]);","                return;","            }","            response.statusCode = 404;","            response.end();","        }).listen(process.env.PORT);","        break;","    }","}());",""],"l":{"26":2,"28":2,"33":2,"35":2,"37":2,"38":2,"39":2,"44":1,"51":2,"55":2,"59":2,"61":2,"69":1,"70":2,"76":2,"79":2,"82":2,"83":2,"85":1,"89":2,"92":1,"93":1,"94":1,"96":1,"97":1,"100":1,"101":1,"103":1,"106":1,"108":2,"114":1,"116":1,"118":1,"123":1,"124":2,"125":2,"126":3,"127":3,"128":3,"129":3,"130":1,"133":3,"134":3,"139":3,"143":1,"144":3,"145":1,"149":1,"150":1,"158":1,"160":1,"161":1,"162":1,"164":1,"166":1,"258":1,"259":1,"271":1,"274":6,"275":6,"277":1,"279":2,"281":1,"283":2,"288":1,"289":1,"291":1,"296":1,"303":1,"306":1,"307":1,"310":1,"311":1,"313":1,"314":1,"315":1,"316":1,"317":1,"318":1,"319":1,"321":1,"322":1,"324":1}},"/home/travis/build/npmtest/node-npmtest-keypress/node_modules/keypress/index.js":{"path":"/home/travis/build/npmtest/node-npmtest-keypress/node_modules/keypress/index.js","s":{"1":1,"2":1,"3":1,"4":0,"5":0,"6":0,"7":0,"8":1,"9":0,"10":0,"11":0,"12":0,"13":0,"14":0,"15":1,"16":0,"17":0,"18":0,"19":0,"20":0,"21":0,"22":1,"23":0,"24":0,"25":0,"26":0,"27":0,"28":0,"29":0,"30":0,"31":0,"32":1,"33":0,"34":1,"35":0,"36":1,"37":1,"38":0,"39":0,"40":1,"41":1,"42":1,"43":0,"44":0,"45":0,"46":0,"47":0,"48":0,"49":0,"50":0,"51":0,"52":0,"53":0,"54":0,"55":0,"56":0,"57":0,"58":0,"59":0,"60":0,"61":0,"62":0,"63":0,"64":0,"65":0,"66":0,"67":0,"68":0,"69":0,"70":0,"71":0,"72":0,"73":0,"74":0,"75":0,"76":0,"77":0,"78":0,"79":0,"80":0,"81":0,"82":0,"83":0,"84":0,"85":0,"86":0,"87":0,"88":0,"89":0,"90":0,"91":0,"92":0,"93":0,"94":0,"95":0,"96":0,"97":0,"98":0,"99":0,"100":0,"101":0,"102":0,"103":0,"104":0,"105":0,"106":0,"107":0,"108":0,"109":0,"110":0,"111":0,"112":0,"113":0,"114":0,"115":0,"116":0,"117":0,"118":0,"119":0,"120":0,"121":0,"122":0,"123":0,"124":0,"125":0,"126":0,"127":0,"128":0,"129":0,"130":0,"131":0,"132":0,"133":0,"134":0,"135":0,"136":0,"137":0,"138":0,"139":0,"140":0,"141":0,"142":0,"143":0,"144":0,"145":0,"146":0,"147":0,"148":0,"149":0,"150":0,"151":0,"152":0,"153":0,"154":0,"155":0,"156":0,"157":0,"158":0,"159":0,"160":0,"161":0,"162":0,"163":0,"164":0,"165":0,"166":0,"167":0,"168":0,"169":0,"170":0,"171":0,"172":0,"173":0,"174":0,"175":0,"176":0,"177":0,"178":0,"179":0,"180":0,"181":0,"182":0,"183":0,"184":0,"185":0,"186":0,"187":0,"188":0,"189":0,"190":0,"191":0,"192":0,"193":0,"194":0,"195":0,"196":0,"197":0,"198":0,"199":0,"200":0,"201":0,"202":0,"203":0,"204":0,"205":0,"206":0,"207":0,"208":0,"209":0,"210":0,"211":0,"212":0,"213":0,"214":0,"215":0,"216":0,"217":0,"218":0,"219":0,"220":0,"221":0,"222":0,"223":0,"224":0,"225":0,"226":0,"227":0,"228":0,"229":0,"230":0,"231":0,"232":0,"233":0,"234":0,"235":0,"236":0,"237":0,"238":0,"239":0,"240":0,"241":0,"242":0,"243":0,"244":0,"245":0,"246":0,"247":0,"248":0,"249":0,"250":0,"251":0,"252":0,"253":0,"254":0,"255":0,"256":0,"257":0,"258":0,"259":0,"260":0,"261":0,"262":0,"263":0,"264":0,"265":0,"266":0,"267":0,"268":0,"269":0,"270":0,"271":0},"b":{"1":[0,0],"2":[0,0],"3":[0,0],"4":[0,0],"5":[0,0],"6":[0,0],"7":[0,0],"8":[0,0],"9":[0,0],"10":[0,0],"11":[0,1],"12":[0,0],"13":[0,0],"14":[0,0],"15":[0,0],"16":[0,0],"17":[0,0],"18":[0,0],"19":[0,0],"20":[0,0],"21":[0,0,0,0],"22":[0,0],"23":[0,0],"24":[0,0],"25":[0,0],"26":[0,0],"27":[0,0],"28":[0,0,0],"29":[0,0],"30":[0,0,0],"31":[0,0],"32":[0,0],"33":[0,0],"34":[0,0],"35":[0,0],"36":[0,0],"37":[0,0,0],"38":[0,0,0,0,0,0,0,0,0,0,0,0,0,0,0,0,0,0,0,0,0,0,0,0,0,0,0,0,0,0,0,0,0,0,0,0,0,0,0,0,0,0,0,0,0,0,0,0,0,0,0,0,0,0,0,0,0,0,0,0,0,0,0,0,0,0,0,0,0],"39":[0,0],"40":[0,0],"41":[0,0],"42":[0,0],"43":[0,0],"44":[0,0],"45":[0,0],"46":[0,0],"47":[0,0],"48":[0,0],"49":[0,0],"50":[0,0],"51":[0,0]},"f":{"1":0,"2":0,"3":0,"4":0,"5":0,"6":0,"7":0,"8":0,"9":0,"10":0,"11":0},"fnMap":{"1":{"name":"keypress","line":39,"loc":{"start":{"line":39,"column":0},"end":{"line":39,"column":26}}},"2":{"name":"onData","line":45,"loc":{"start":{"line":45,"column":2},"end":{"line":45,"column":21}}},"3":{"name":"onNewListener","line":56,"loc":{"start":{"line":56,"column":2},"end":{"line":56,"column":32}}},"4":{"name":"isEmittingKeypress","line":79,"loc":{"start":{"line":79,"column":0},"end":{"line":79,"column":36}}},"5":{"name":"(anonymous_5)","line":85,"loc":{"start":{"line":85,"column":46},"end":{"line":85,"column":58}}},"6":{"name":"(anonymous_6)","line":90,"loc":{"start":{"line":90,"column":53},"end":{"line":90,"column":65}}},"7":{"name":"(anonymous_7)","line":107,"loc":{"start":{"line":107,"column":22},"end":{"line":107,"column":40}}},"8":{"name":"(anonymous_8)","line":120,"loc":{"start":{"line":120,"column":23},"end":{"line":120,"column":41}}},"9":{"name":"(anonymous_9)","line":135,"loc":{"start":{"line":135,"column":18},"end":{"line":135,"column":43}}},"10":{"name":"emitKey","line":179,"loc":{"start":{"line":179,"column":0},"end":{"line":179,"column":28}}},"11":{"name":"(anonymous_11)","line":362,"loc":{"start":{"line":362,"column":36},"end":{"line":362,"column":48}}}},"statementMap":{"1":{"start":{"line":6,"column":0},"end":{"line":6,"column":50}},"2":{"start":{"line":12,"column":0},"end":{"line":12,"column":40}},"3":{"start":{"line":39,"column":0},"end":{"line":68,"column":1}},"4":{"start":{"line":40,"column":2},"end":{"line":40,"column":41}},"5":{"start":{"line":40,"column":34},"end":{"line":40,"column":41}},"6":{"start":{"line":42,"column":2},"end":{"line":42,"column":62}},"7":{"start":{"line":43,"column":2},"end":{"line":43,"column":54}},"8":{"start":{"line":45,"column":2},"end":{"line":54,"column":3}},"9":{"start":{"line":46,"column":4},"end":{"line":53,"column":5}},"10":{"start":{"line":47,"column":6},"end":{"line":47,"column":47}},"11":{"start":{"line":48,"column":6},"end":{"line":48,"column":32}},"12":{"start":{"line":48,"column":13},"end":{"line":48,"column":32}},"13":{"start":{"line":51,"column":6},"end":{"line":51,"column":44}},"14":{"start":{"line":52,"column":6},"end":{"line":52,"column":46}},"15":{"start":{"line":56,"column":2},"end":{"line":61,"column":3}},"16":{"start":{"line":57,"column":4},"end":{"line":60,"column":5}},"17":{"start":{"line":58,"column":6},"end":{"line":58,"column":32}},"18":{"start":{"line":59,"column":6},"end":{"line":59,"column":58}},"19":{"start":{"line":63,"column":2},"end":{"line":67,"column":3}},"20":{"start":{"line":64,"column":4},"end":{"line":64,"column":30}},"21":{"start":{"line":66,"column":4},"end":{"line":66,"column":44}},"22":{"start":{"line":79,"column":0},"end":{"line":97,"column":1}},"23":{"start":{"line":80,"column":2},"end":{"line":80,"column":38}},"24":{"start":{"line":81,"column":2},"end":{"line":95,"column":3}},"25":{"start":{"line":85,"column":4},"end":{"line":89,"column":7}},"26":{"start":{"line":86,"column":6},"end":{"line":88,"column":7}},"27":{"start":{"line":87,"column":8},"end":{"line":87,"column":41}},"28":{"start":{"line":90,"column":4},"end":{"line":94,"column":7}},"29":{"start":{"line":91,"column":6},"end":{"line":93,"column":7}},"30":{"start":{"line":92,"column":8},"end":{"line":92,"column":48}},"31":{"start":{"line":96,"column":2},"end":{"line":96,"column":13}},"32":{"start":{"line":107,"column":0},"end":{"line":109,"column":2}},"33":{"start":{"line":108,"column":2},"end":{"line":108,"column":30}},"34":{"start":{"line":120,"column":0},"end":{"line":122,"column":2}},"35":{"start":{"line":121,"column":2},"end":{"line":121,"column":30}},"36":{"start":{"line":133,"column":0},"end":{"line":133,"column":47}},"37":{"start":{"line":134,"column":0},"end":{"line":138,"column":1}},"38":{"start":{"line":135,"column":2},"end":{"line":137,"column":4}},"39":{"start":{"line":136,"column":4},"end":{"line":136,"column":43}},"40":{"start":{"line":175,"column":0},"end":{"line":175,"column":46}},"41":{"start":{"line":176,"column":0},"end":{"line":177,"column":81}},"42":{"start":{"line":179,"column":0},"end":{"line":408,"column":1}},"43":{"start":{"line":180,"column":2},"end":{"line":187,"column":12}},"44":{"start":{"line":189,"column":2},"end":{"line":196,"column":3}},"45":{"start":{"line":190,"column":4},"end":{"line":195,"column":5}},"46":{"start":{"line":191,"column":6},"end":{"line":191,"column":18}},"47":{"start":{"line":192,"column":6},"end":{"line":192,"column":58}},"48":{"start":{"line":194,"column":6},"end":{"line":194,"column":49}},"49":{"start":{"line":198,"column":2},"end":{"line":198,"column":19}},"50":{"start":{"line":200,"column":2},"end":{"line":366,"column":3}},"51":{"start":{"line":202,"column":4},"end":{"line":202,"column":24}},"52":{"start":{"line":204,"column":9},"end":{"line":366,"column":3}},"53":{"start":{"line":206,"column":4},"end":{"line":206,"column":23}},"54":{"start":{"line":208,"column":9},"end":{"line":366,"column":3}},"55":{"start":{"line":210,"column":4},"end":{"line":210,"column":21}},"56":{"start":{"line":212,"column":9},"end":{"line":366,"column":3}},"57":{"start":{"line":215,"column":4},"end":{"line":215,"column":27}},"58":{"start":{"line":216,"column":4},"end":{"line":216,"column":40}},"59":{"start":{"line":218,"column":9},"end":{"line":366,"column":3}},"60":{"start":{"line":220,"column":4},"end":{"line":220,"column":24}},"61":{"start":{"line":221,"column":4},"end":{"line":221,"column":32}},"62":{"start":{"line":223,"column":9},"end":{"line":366,"column":3}},"63":{"start":{"line":224,"column":4},"end":{"line":224,"column":23}},"64":{"start":{"line":225,"column":4},"end":{"line":225,"column":32}},"65":{"start":{"line":227,"column":9},"end":{"line":366,"column":3}},"66":{"start":{"line":229,"column":4},"end":{"line":229,"column":76}},"67":{"start":{"line":230,"column":4},"end":{"line":230,"column":20}},"68":{"start":{"line":232,"column":9},"end":{"line":366,"column":3}},"69":{"start":{"line":234,"column":4},"end":{"line":234,"column":17}},"70":{"start":{"line":236,"column":9},"end":{"line":366,"column":3}},"71":{"start":{"line":238,"column":4},"end":{"line":238,"column":31}},"72":{"start":{"line":239,"column":4},"end":{"line":239,"column":21}},"73":{"start":{"line":241,"column":9},"end":{"line":366,"column":3}},"74":{"start":{"line":243,"column":4},"end":{"line":243,"column":38}},"75":{"start":{"line":244,"column":4},"end":{"line":244,"column":20}},"76":{"start":{"line":245,"column":4},"end":{"line":245,"column":41}},"77":{"start":{"line":247,"column":9},"end":{"line":366,"column":3}},"78":{"start":{"line":252,"column":4},"end":{"line":254,"column":51}},"79":{"start":{"line":257,"column":4},"end":{"line":257,"column":32}},"80":{"start":{"line":258,"column":4},"end":{"line":258,"column":33}},"81":{"start":{"line":259,"column":4},"end":{"line":259,"column":33}},"82":{"start":{"line":260,"column":4},"end":{"line":260,"column":20}},"83":{"start":{"line":263,"column":4},"end":{"line":358,"column":5}},"84":{"start":{"line":265,"column":17},"end":{"line":265,"column":33}},"85":{"start":{"line":265,"column":34},"end":{"line":265,"column":40}},"86":{"start":{"line":266,"column":17},"end":{"line":266,"column":33}},"87":{"start":{"line":266,"column":34},"end":{"line":266,"column":40}},"88":{"start":{"line":267,"column":17},"end":{"line":267,"column":33}},"89":{"start":{"line":267,"column":34},"end":{"line":267,"column":40}},"90":{"start":{"line":268,"column":17},"end":{"line":268,"column":33}},"91":{"start":{"line":268,"column":34},"end":{"line":268,"column":40}},"92":{"start":{"line":271,"column":19},"end":{"line":271,"column":35}},"93":{"start":{"line":271,"column":36},"end":{"line":271,"column":42}},"94":{"start":{"line":272,"column":19},"end":{"line":272,"column":35}},"95":{"start":{"line":272,"column":36},"end":{"line":272,"column":42}},"96":{"start":{"line":273,"column":19},"end":{"line":273,"column":35}},"97":{"start":{"line":273,"column":36},"end":{"line":273,"column":42}},"98":{"start":{"line":274,"column":19},"end":{"line":274,"column":35}},"99":{"start":{"line":274,"column":36},"end":{"line":274,"column":42}},"100":{"start":{"line":277,"column":18},"end":{"line":277,"column":34}},"101":{"start":{"line":277,"column":35},"end":{"line":277,"column":41}},"102":{"start":{"line":278,"column":18},"end":{"line":278,"column":34}},"103":{"start":{"line":278,"column":35},"end":{"line":278,"column":41}},"104":{"start":{"line":279,"column":18},"end":{"line":279,"column":34}},"105":{"start":{"line":279,"column":35},"end":{"line":279,"column":41}},"106":{"start":{"line":280,"column":18},"end":{"line":280,"column":34}},"107":{"start":{"line":280,"column":35},"end":{"line":280,"column":41}},"108":{"start":{"line":281,"column":18},"end":{"line":281,"column":34}},"109":{"start":{"line":281,"column":35},"end":{"line":281,"column":41}},"110":{"start":{"line":284,"column":19},"end":{"line":284,"column":35}},"111":{"start":{"line":284,"column":36},"end":{"line":284,"column":42}},"112":{"start":{"line":285,"column":19},"end":{"line":285,"column":35}},"113":{"start":{"line":285,"column":36},"end":{"line":285,"column":42}},"114":{"start":{"line":286,"column":19},"end":{"line":286,"column":35}},"115":{"start":{"line":286,"column":36},"end":{"line":286,"column":42}},"116":{"start":{"line":287,"column":19},"end":{"line":287,"column":35}},"117":{"start":{"line":287,"column":36},"end":{"line":287,"column":42}},"118":{"start":{"line":288,"column":19},"end":{"line":288,"column":35}},"119":{"start":{"line":288,"column":36},"end":{"line":288,"column":42}},"120":{"start":{"line":289,"column":19},"end":{"line":289,"column":36}},"121":{"start":{"line":289,"column":37},"end":{"line":289,"column":43}},"122":{"start":{"line":290,"column":19},"end":{"line":290,"column":36}},"123":{"start":{"line":290,"column":37},"end":{"line":290,"column":43}},"124":{"start":{"line":291,"column":19},"end":{"line":291,"column":36}},"125":{"start":{"line":291,"column":37},"end":{"line":291,"column":43}},"126":{"start":{"line":294,"column":17},"end":{"line":294,"column":33}},"127":{"start":{"line":294,"column":34},"end":{"line":294,"column":40}},"128":{"start":{"line":295,"column":17},"end":{"line":295,"column":35}},"129":{"start":{"line":295,"column":36},"end":{"line":295,"column":42}},"130":{"start":{"line":296,"column":17},"end":{"line":296,"column":36}},"131":{"start":{"line":296,"column":37},"end":{"line":296,"column":43}},"132":{"start":{"line":297,"column":17},"end":{"line":297,"column":35}},"133":{"start":{"line":297,"column":36},"end":{"line":297,"column":42}},"134":{"start":{"line":298,"column":17},"end":{"line":298,"column":36}},"135":{"start":{"line":298,"column":37},"end":{"line":298,"column":43}},"136":{"start":{"line":299,"column":17},"end":{"line":299,"column":34}},"137":{"start":{"line":299,"column":35},"end":{"line":299,"column":41}},"138":{"start":{"line":300,"column":17},"end":{"line":300,"column":35}},"139":{"start":{"line":300,"column":36},"end":{"line":300,"column":42}},"140":{"start":{"line":303,"column":17},"end":{"line":303,"column":33}},"141":{"start":{"line":303,"column":34},"end":{"line":303,"column":40}},"142":{"start":{"line":304,"column":17},"end":{"line":304,"column":35}},"143":{"start":{"line":304,"column":36},"end":{"line":304,"column":42}},"144":{"start":{"line":305,"column":17},"end":{"line":305,"column":36}},"145":{"start":{"line":305,"column":37},"end":{"line":305,"column":43}},"146":{"start":{"line":306,"column":17},"end":{"line":306,"column":35}},"147":{"start":{"line":306,"column":36},"end":{"line":306,"column":42}},"148":{"start":{"line":307,"column":17},"end":{"line":307,"column":36}},"149":{"start":{"line":307,"column":37},"end":{"line":307,"column":43}},"150":{"start":{"line":308,"column":17},"end":{"line":308,"column":34}},"151":{"start":{"line":308,"column":35},"end":{"line":308,"column":41}},"152":{"start":{"line":309,"column":17},"end":{"line":309,"column":35}},"153":{"start":{"line":309,"column":36},"end":{"line":309,"column":42}},"154":{"start":{"line":312,"column":18},"end":{"line":312,"column":36}},"155":{"start":{"line":312,"column":37},"end":{"line":312,"column":43}},"156":{"start":{"line":313,"column":18},"end":{"line":313,"column":38}},"157":{"start":{"line":313,"column":39},"end":{"line":313,"column":45}},"158":{"start":{"line":314,"column":18},"end":{"line":314,"column":38}},"159":{"start":{"line":314,"column":39},"end":{"line":314,"column":45}},"160":{"start":{"line":315,"column":18},"end":{"line":315,"column":35}},"161":{"start":{"line":315,"column":36},"end":{"line":315,"column":42}},"162":{"start":{"line":316,"column":18},"end":{"line":316,"column":38}},"163":{"start":{"line":316,"column":39},"end":{"line":316,"column":45}},"164":{"start":{"line":317,"column":18},"end":{"line":317,"column":40}},"165":{"start":{"line":317,"column":41},"end":{"line":317,"column":47}},"166":{"start":{"line":320,"column":19},"end":{"line":320,"column":39}},"167":{"start":{"line":320,"column":40},"end":{"line":320,"column":46}},"168":{"start":{"line":321,"column":19},"end":{"line":321,"column":41}},"169":{"start":{"line":321,"column":42},"end":{"line":321,"column":48}},"170":{"start":{"line":324,"column":18},"end":{"line":324,"column":36}},"171":{"start":{"line":324,"column":37},"end":{"line":324,"column":43}},"172":{"start":{"line":325,"column":18},"end":{"line":325,"column":35}},"173":{"start":{"line":325,"column":36},"end":{"line":325,"column":42}},"174":{"start":{"line":328,"column":17},"end":{"line":328,"column":33}},"175":{"start":{"line":328,"column":34},"end":{"line":328,"column":51}},"176":{"start":{"line":328,"column":52},"end":{"line":328,"column":58}},"177":{"start":{"line":329,"column":17},"end":{"line":329,"column":35}},"178":{"start":{"line":329,"column":36},"end":{"line":329,"column":53}},"179":{"start":{"line":329,"column":54},"end":{"line":329,"column":60}},"180":{"start":{"line":330,"column":17},"end":{"line":330,"column":36}},"181":{"start":{"line":330,"column":37},"end":{"line":330,"column":54}},"182":{"start":{"line":330,"column":55},"end":{"line":330,"column":61}},"183":{"start":{"line":331,"column":17},"end":{"line":331,"column":35}},"184":{"start":{"line":331,"column":36},"end":{"line":331,"column":53}},"185":{"start":{"line":331,"column":54},"end":{"line":331,"column":60}},"186":{"start":{"line":332,"column":17},"end":{"line":332,"column":36}},"187":{"start":{"line":332,"column":37},"end":{"line":332,"column":54}},"188":{"start":{"line":332,"column":55},"end":{"line":332,"column":61}},"189":{"start":{"line":334,"column":18},"end":{"line":334,"column":38}},"190":{"start":{"line":334,"column":39},"end":{"line":334,"column":56}},"191":{"start":{"line":334,"column":57},"end":{"line":334,"column":63}},"192":{"start":{"line":335,"column":18},"end":{"line":335,"column":38}},"193":{"start":{"line":335,"column":39},"end":{"line":335,"column":56}},"194":{"start":{"line":335,"column":57},"end":{"line":335,"column":63}},"195":{"start":{"line":336,"column":18},"end":{"line":336,"column":38}},"196":{"start":{"line":336,"column":39},"end":{"line":336,"column":56}},"197":{"start":{"line":336,"column":57},"end":{"line":336,"column":63}},"198":{"start":{"line":337,"column":18},"end":{"line":337,"column":40}},"199":{"start":{"line":337,"column":41},"end":{"line":337,"column":58}},"200":{"start":{"line":337,"column":59},"end":{"line":337,"column":65}},"201":{"start":{"line":338,"column":18},"end":{"line":338,"column":36}},"202":{"start":{"line":338,"column":37},"end":{"line":338,"column":54}},"203":{"start":{"line":338,"column":55},"end":{"line":338,"column":61}},"204":{"start":{"line":339,"column":18},"end":{"line":339,"column":35}},"205":{"start":{"line":339,"column":36},"end":{"line":339,"column":53}},"206":{"start":{"line":339,"column":54},"end":{"line":339,"column":60}},"207":{"start":{"line":341,"column":17},"end":{"line":341,"column":33}},"208":{"start":{"line":341,"column":34},"end":{"line":341,"column":50}},"209":{"start":{"line":341,"column":51},"end":{"line":341,"column":57}},"210":{"start":{"line":342,"column":17},"end":{"line":342,"column":35}},"211":{"start":{"line":342,"column":36},"end":{"line":342,"column":52}},"212":{"start":{"line":342,"column":53},"end":{"line":342,"column":59}},"213":{"start":{"line":343,"column":17},"end":{"line":343,"column":36}},"214":{"start":{"line":343,"column":37},"end":{"line":343,"column":53}},"215":{"start":{"line":343,"column":54},"end":{"line":343,"column":60}},"216":{"start":{"line":344,"column":17},"end":{"line":344,"column":35}},"217":{"start":{"line":344,"column":36},"end":{"line":344,"column":52}},"218":{"start":{"line":344,"column":53},"end":{"line":344,"column":59}},"219":{"start":{"line":345,"column":17},"end":{"line":345,"column":36}},"220":{"start":{"line":345,"column":37},"end":{"line":345,"column":53}},"221":{"start":{"line":345,"column":54},"end":{"line":345,"column":60}},"222":{"start":{"line":347,"column":18},"end":{"line":347,"column":38}},"223":{"start":{"line":347,"column":39},"end":{"line":347,"column":55}},"224":{"start":{"line":347,"column":56},"end":{"line":347,"column":62}},"225":{"start":{"line":348,"column":18},"end":{"line":348,"column":38}},"226":{"start":{"line":348,"column":39},"end":{"line":348,"column":55}},"227":{"start":{"line":348,"column":56},"end":{"line":348,"column":62}},"228":{"start":{"line":349,"column":18},"end":{"line":349,"column":38}},"229":{"start":{"line":349,"column":39},"end":{"line":349,"column":55}},"230":{"start":{"line":349,"column":56},"end":{"line":349,"column":62}},"231":{"start":{"line":350,"column":18},"end":{"line":350,"column":40}},"232":{"start":{"line":350,"column":41},"end":{"line":350,"column":57}},"233":{"start":{"line":350,"column":58},"end":{"line":350,"column":64}},"234":{"start":{"line":351,"column":18},"end":{"line":351,"column":36}},"235":{"start":{"line":351,"column":37},"end":{"line":351,"column":53}},"236":{"start":{"line":351,"column":54},"end":{"line":351,"column":60}},"237":{"start":{"line":352,"column":18},"end":{"line":352,"column":35}},"238":{"start":{"line":352,"column":36},"end":{"line":352,"column":52}},"239":{"start":{"line":352,"column":53},"end":{"line":352,"column":59}},"240":{"start":{"line":355,"column":17},"end":{"line":355,"column":34}},"241":{"start":{"line":355,"column":35},"end":{"line":355,"column":52}},"242":{"start":{"line":355,"column":53},"end":{"line":355,"column":59}},"243":{"start":{"line":356,"column":15},"end":{"line":356,"column":38}},"244":{"start":{"line":356,"column":39},"end":{"line":356,"column":45}},"245":{"start":{"line":359,"column":9},"end":{"line":366,"column":3}},"246":{"start":{"line":362,"column":4},"end":{"line":364,"column":7}},"247":{"start":{"line":363,"column":6},"end":{"line":363,"column":25}},"248":{"start":{"line":365,"column":4},"end":{"line":365,"column":11}},"249":{"start":{"line":370,"column":2},"end":{"line":392,"column":3}},"250":{"start":{"line":371,"column":4},"end":{"line":371,"column":23}},"251":{"start":{"line":372,"column":4},"end":{"line":372,"column":25}},"252":{"start":{"line":373,"column":4},"end":{"line":373,"column":28}},"253":{"start":{"line":374,"column":4},"end":{"line":374,"column":34}},"254":{"start":{"line":375,"column":4},"end":{"line":375,"column":34}},"255":{"start":{"line":377,"column":4},"end":{"line":377,"column":19}},"256":{"start":{"line":379,"column":4},"end":{"line":379,"column":29}},"257":{"start":{"line":380,"column":4},"end":{"line":380,"column":29}},"258":{"start":{"line":381,"column":4},"end":{"line":381,"column":29}},"259":{"start":{"line":383,"column":4},"end":{"line":383,"column":32}},"260":{"start":{"line":385,"column":4},"end":{"line":387,"column":5}},"261":{"start":{"line":386,"column":6},"end":{"line":386,"column":34}},"262":{"start":{"line":389,"column":4},"end":{"line":391,"column":5}},"263":{"start":{"line":390,"column":6},"end":{"line":390,"column":25}},"264":{"start":{"line":395,"column":2},"end":{"line":397,"column":3}},"265":{"start":{"line":396,"column":4},"end":{"line":396,"column":20}},"266":{"start":{"line":399,"column":2},"end":{"line":401,"column":3}},"267":{"start":{"line":400,"column":4},"end":{"line":400,"column":11}},"268":{"start":{"line":403,"column":2},"end":{"line":407,"column":3}},"269":{"start":{"line":404,"column":4},"end":{"line":404,"column":35}},"270":{"start":{"line":405,"column":9},"end":{"line":407,"column":3}},"271":{"start":{"line":406,"column":4},"end":{"line":406,"column":37}}},"branchMap":{"1":{"line":40,"type":"if","locations":[{"start":{"line":40,"column":2},"end":{"line":40,"column":2}},{"start":{"line":40,"column":2},"end":{"line":40,"column":2}}]},"2":{"line":46,"type":"if","locations":[{"start":{"line":46,"column":4},"end":{"line":46,"column":4}},{"start":{"line":46,"column":4},"end":{"line":46,"column":4}}]},"3":{"line":48,"type":"if","locations":[{"start":{"line":48,"column":6},"end":{"line":48,"column":6}},{"start":{"line":48,"column":6},"end":{"line":48,"column":6}}]},"4":{"line":57,"type":"if","locations":[{"start":{"line":57,"column":4},"end":{"line":57,"column":4}},{"start":{"line":57,"column":4},"end":{"line":57,"column":4}}]},"5":{"line":63,"type":"if","locations":[{"start":{"line":63,"column":2},"end":{"line":63,"column":2}},{"start":{"line":63,"column":2},"end":{"line":63,"column":2}}]},"6":{"line":81,"type":"if","locations":[{"start":{"line":81,"column":2},"end":{"line":81,"column":2}},{"start":{"line":81,"column":2},"end":{"line":81,"column":2}}]},"7":{"line":86,"type":"if","locations":[{"start":{"line":86,"column":6},"end":{"line":86,"column":6}},{"start":{"line":86,"column":6},"end":{"line":86,"column":6}}]},"8":{"line":86,"type":"binary-expr","locations":[{"start":{"line":86,"column":10},"end":{"line":86,"column":28}},{"start":{"line":86,"column":32},"end":{"line":86,"column":60}}]},"9":{"line":91,"type":"if","locations":[{"start":{"line":91,"column":6},"end":{"line":91,"column":6}},{"start":{"line":91,"column":6},"end":{"line":91,"column":6}}]},"10":{"line":91,"type":"binary-expr","locations":[{"start":{"line":91,"column":10},"end":{"line":91,"column":35}},{"start":{"line":91,"column":39},"end":{"line":91,"column":68}}]},"11":{"line":134,"type":"if","locations":[{"start":{"line":134,"column":0},"end":{"line":134,"column":0}},{"start":{"line":134,"column":0},"end":{"line":134,"column":0}}]},"12":{"line":189,"type":"if","locations":[{"start":{"line":189,"column":2},"end":{"line":189,"column":2}},{"start":{"line":189,"column":2},"end":{"line":189,"column":2}}]},"13":{"line":190,"type":"if","locations":[{"start":{"line":190,"column":4},"end":{"line":190,"column":4}},{"start":{"line":190,"column":4},"end":{"line":190,"column":4}}]},"14":{"line":190,"type":"binary-expr","locations":[{"start":{"line":190,"column":8},"end":{"line":190,"column":18}},{"start":{"line":190,"column":22},"end":{"line":190,"column":40}}]},"15":{"line":192,"type":"binary-expr","locations":[{"start":{"line":192,"column":30},"end":{"line":192,"column":45}},{"start":{"line":192,"column":49},"end":{"line":192,"column":56}}]},"16":{"line":194,"type":"binary-expr","locations":[{"start":{"line":194,"column":21},"end":{"line":194,"column":36}},{"start":{"line":194,"column":40},"end":{"line":194,"column":47}}]},"17":{"line":200,"type":"if","locations":[{"start":{"line":200,"column":2},"end":{"line":200,"column":2}},{"start":{"line":200,"column":2},"end":{"line":200,"column":2}}]},"18":{"line":204,"type":"if","locations":[{"start":{"line":204,"column":9},"end":{"line":204,"column":9}},{"start":{"line":204,"column":9},"end":{"line":204,"column":9}}]},"19":{"line":208,"type":"if","locations":[{"start":{"line":208,"column":9},"end":{"line":208,"column":9}},{"start":{"line":208,"column":9},"end":{"line":208,"column":9}}]},"20":{"line":212,"type":"if","locations":[{"start":{"line":212,"column":9},"end":{"line":212,"column":9}},{"start":{"line":212,"column":9},"end":{"line":212,"column":9}}]},"21":{"line":212,"type":"binary-expr","locations":[{"start":{"line":212,"column":13},"end":{"line":212,"column":23}},{"start":{"line":212,"column":27},"end":{"line":212,"column":39}},{"start":{"line":213,"column":13},"end":{"line":213,"column":29}},{"start":{"line":213,"column":33},"end":{"line":213,"column":47}}]},"22":{"line":218,"type":"if","locations":[{"start":{"line":218,"column":9},"end":{"line":218,"column":9}},{"start":{"line":218,"column":9},"end":{"line":218,"column":9}}]},"23":{"line":218,"type":"binary-expr","locations":[{"start":{"line":218,"column":13},"end":{"line":218,"column":25}},{"start":{"line":218,"column":29},"end":{"line":218,"column":45}}]},"24":{"line":223,"type":"if","locations":[{"start":{"line":223,"column":9},"end":{"line":223,"column":9}},{"start":{"line":223,"column":9},"end":{"line":223,"column":9}}]},"25":{"line":223,"type":"binary-expr","locations":[{"start":{"line":223,"column":13},"end":{"line":223,"column":22}},{"start":{"line":223,"column":26},"end":{"line":223,"column":39}}]},"26":{"line":227,"type":"if","locations":[{"start":{"line":227,"column":9},"end":{"line":227,"column":9}},{"start":{"line":227,"column":9},"end":{"line":227,"column":9}}]},"27":{"line":232,"type":"if","locations":[{"start":{"line":232,"column":9},"end":{"line":232,"column":9}},{"start":{"line":232,"column":9},"end":{"line":232,"column":9}}]},"28":{"line":232,"type":"binary-expr","locations":[{"start":{"line":232,"column":13},"end":{"line":232,"column":27}},{"start":{"line":232,"column":31},"end":{"line":232,"column":39}},{"start":{"line":232,"column":43},"end":{"line":232,"column":51}}]},"29":{"line":236,"type":"if","locations":[{"start":{"line":236,"column":9},"end":{"line":236,"column":9}},{"start":{"line":236,"column":9},"end":{"line":236,"column":9}}]},"30":{"line":236,"type":"binary-expr","locations":[{"start":{"line":236,"column":13},"end":{"line":236,"column":27}},{"start":{"line":236,"column":31},"end":{"line":236,"column":39}},{"start":{"line":236,"column":43},"end":{"line":236,"column":51}}]},"31":{"line":241,"type":"if","locations":[{"start":{"line":241,"column":9},"end":{"line":241,"column":9}},{"start":{"line":241,"column":9},"end":{"line":241,"column":9}}]},"32":{"line":247,"type":"if","locations":[{"start":{"line":247,"column":9},"end":{"line":247,"column":9}},{"start":{"line":247,"column":9},"end":{"line":247,"column":9}}]},"33":{"line":252,"type":"binary-expr","locations":[{"start":{"line":252,"column":16},"end":{"line":252,"column":24}},{"start":{"line":252,"column":28},"end":{"line":252,"column":30}}]},"34":{"line":252,"type":"binary-expr","locations":[{"start":{"line":252,"column":35},"end":{"line":252,"column":43}},{"start":{"line":252,"column":47},"end":{"line":252,"column":49}}]},"35":{"line":253,"type":"binary-expr","locations":[{"start":{"line":253,"column":16},"end":{"line":253,"column":24}},{"start":{"line":253,"column":28},"end":{"line":253,"column":30}}]},"36":{"line":253,"type":"binary-expr","locations":[{"start":{"line":253,"column":35},"end":{"line":253,"column":43}},{"start":{"line"
[...]
:284,"column":6},"end":{"line":284,"column":42}},{"start":{"line":285,"column":6},"end":{"line":285,"column":42}},{"start":{"line":286,"column":6},"end":{"line":286,"column":42}},{"start":{"line":287,"column":6},"end":{"line":287,"column":42}},{"start":{"line":288,"column":6},"end":{"line":288,"column":42}},{"start":{"line":289,"column":6},"end":{"line":289,"column":43}},{"start":{"line":290,"column":6},"end":{"line":290,"column":43}},{"start":{"line":291,"column":6},"end":{"line":291,"column":43}},{"start":{"line":294,"column":6},"end":{"line":294,"column":40}},{"start":{"line":295,"column":6},"end":{"line":295,"column":42}},{"start":{"line":296,"column":6},"end":{"line":296,"column":43}},{"start":{"line":297,"column":6},"end":{"line":297,"column":42}},{"start":{"line":298,"column":6},"end":{"line":298,"column":43}},{"start":{"line":299,"column":6},"end":{"line":299,"column":41}},{"start":{"line":300,"column":6},"end":{"line":300,"column":42}},{"start":{"line":303,"column":6},"end":{"line":303,"column":40}},{"start":{"line":304,"column":6},"end":{"line":304,"column":42}},{"start":{"line":305,"column":6},"end":{"line":305,"column":43}},{"start":{"line":306,"column":6},"end":{"line":306,"column":42}},{"start":{"line":307,"column":6},"end":{"line":307,"column":43}},{"start":{"line":308,"column":6},"end":{"line":308,"column":41}},{"start":{"line":309,"column":6},"end":{"line":309,"column":42}},{"start":{"line":312,"column":6},"end":{"line":312,"column":43}},{"start":{"line":313,"column":6},"end":{"line":313,"column":45}},{"start":{"line":314,"column":6},"end":{"line":314,"column":45}},{"start":{"line":315,"column":6},"end":{"line":315,"column":42}},{"start":{"line":316,"column":6},"end":{"line":316,"column":45}},{"start":{"line":317,"column":6},"end":{"line":317,"column":47}},{"start":{"line":320,"column":6},"end":{"line":320,"column":46}},{"start":{"line":321,"column":6},"end":{"line":321,"column":48}},{"start":{"line":324,"column":6},"end":{"line":324,"column":43}},{"start":{"line":325,"column":6},"end":{"line":325,"column":42}},{"start":{"line":328,"column":6},"end":{"line":328,"column":58}},{"start":{"line":329,"column":6},"end":{"line":329,"column":60}},{"start":{"line":330,"column":6},"end":{"line":330,"column":61}},{"start":{"line":331,"column":6},"end":{"line":331,"column":60}},{"start":{"line":332,"column":6},"end":{"line":332,"column":61}},{"start":{"line":334,"column":6},"end":{"line":334,"column":63}},{"start":{"line":335,"column":6},"end":{"line":335,"column":63}},{"start":{"line":336,"column":6},"end":{"line":336,"column":63}},{"start":{"line":337,"column":6},"end":{"line":337,"column":65}},{"start":{"line":338,"column":6},"end":{"line":338,"column":61}},{"start":{"line":339,"column":6},"end":{"line":339,"column":60}},{"start":{"line":341,"column":6},"end":{"line":341,"column":57}},{"start":{"line":342,"column":6},"end":{"line":342,"column":59}},{"start":{"line":343,"column":6},"end":{"line":343,"column":60}},{"start":{"line":344,"column":6},"end":{"line":344,"column":59}},{"start":{"line":345,"column":6},"end":{"line":345,"column":60}},{"start":{"line":347,"column":6},"end":{"line":347,"column":62}},{"start":{"line":348,"column":6},"end":{"line":348,"column":62}},{"start":{"line":349,"column":6},"end":{"line":349,"column":62}},{"start":{"line":350,"column":6},"end":{"line":350,"column":64}},{"start":{"line":351,"column":6},"end":{"line":351,"column":60}},{"start":{"line":352,"column":6},"end":{"line":352,"column":59}},{"start":{"line":355,"column":6},"end":{"line":355,"column":59}},{"start":{"line":356,"column":6},"end":{"line":356,"column":45}}]},"39":{"line":359,"type":"if","locations":[{"start":{"line":359,"column":9},"end":{"line":359,"column":9}},{"start":{"line":359,"column":9},"end":{"line":359,"column":9}}]},"40":{"line":359,"type":"binary-expr","locations":[{"start":{"line":359,"column":13},"end":{"line":359,"column":25}},{"start":{"line":359,"column":29},"end":{"line":359,"column":44}}]},"41":{"line":370,"type":"if","locations":[{"start":{"line":370,"column":2},"end":{"line":370,"column":2}},{"start":{"line":370,"column":2},"end":{"line":370,"column":2}}]},"42":{"line":385,"type":"if","locations":[{"start":{"line":385,"column":4},"end":{"line":385,"column":4}},{"start":{"line":385,"column":4},"end":{"line":385,"column":4}}]},"43":{"line":386,"type":"cond-expr","locations":[{"start":{"line":386,"column":27},"end":{"line":386,"column":28}},{"start":{"line":386,"column":31},"end":{"line":386,"column":33}}]},"44":{"line":389,"type":"if","locations":[{"start":{"line":389,"column":4},"end":{"line":389,"column":4}},{"start":{"line":389,"column":4},"end":{"line":389,"column":4}}]},"45":{"line":389,"type":"binary-expr","locations":[{"start":{"line":389,"column":8},"end":{"line":389,"column":20}},{"start":{"line":389,"column":24},"end":{"line":389,"column":35}}]},"46":{"line":395,"type":"if","locations":[{"start":{"line":395,"column":2},"end":{"line":395,"column":2}},{"start":{"line":395,"column":2},"end":{"line":395,"column":2}}]},"47":{"line":399,"type":"if","locations":[{"start":{"line":399,"column":2},"end":{"line":399,"column":2}},{"start":{"line":399,"column":2},"end":{"line":399,"column":2}}]},"48":{"line":403,"type":"if","locations":[{"start":{"line":403,"column":2},"end":{"line":403,"column":2}},{"start":{"line":403,"column":2},"end":{"line":403,"column":2}}]},"49":{"line":403,"type":"binary-expr","locations":[{"start":{"line":403,"column":6},"end":{"line":403,"column":9}},{"start":{"line":403,"column":13},"end":{"line":403,"column":32}}]},"50":{"line":405,"type":"if","locations":[{"start":{"line":405,"column":9},"end":{"line":405,"column":9}},{"start":{"line":405,"column":9},"end":{"line":405,"column":9}}]},"51":{"line":405,"type":"binary-expr","locations":[{"start":{"line":405,"column":13},"end":{"line":405,"column":16}},{"start":{"line":405,"column":20},"end":{"line":405,"column":22}}]}},"code":["","/**"," * Module dependencies."," */","","var EventEmitter = require('events').EventEmitter;","","/**"," * Module exports."," */","","var exports = module.exports = keypress;","","/**"," * This module offers the internal \"keypress\" functionality from node-core's"," * `readline` module, for your own programs and modules to use."," *"," * The `keypress` function accepts a readable Stream instance and makes it"," * emit \"keypress\" events."," *"," * Usage:"," *"," * ``` js"," * require('keypress')(process.stdin);"," *"," * process.stdin.on('keypress', function (ch, key) {"," *   console.log(ch, key);"," *   if (key.ctrl && key.name == 'c') {"," *     process.stdin.pause();"," *   }"," * });"," * proces.stdin.resume();"," * ```"," *"," * @param {Stream} stream"," * @api public"," */","","function keypress(stream) {","  if (isEmittingKeypress(stream)) return;","","  var StringDecoder = require('string_decoder').StringDecoder; // lazy load","  stream._keypressDecoder = new StringDecoder('utf8');","","  function onData(b) {","    if (listenerCount(stream, 'keypress') > 0) {","      var r = stream._keypressDecoder.write(b);","      if (r) emitKey(stream, r);","    } else {","      // Nobody's watching anyway","      stream.removeListener('data', onData);","      stream.on('newListener', onNewListener);","    }","  }","","  function onNewListener(event) {","    if (event == 'keypress') {","      stream.on('data', onData);","      stream.removeListener('newListener', onNewListener);","    }","  }","","  if (listenerCount(stream, 'keypress') > 0) {","    stream.on('data', onData);","  } else {","    stream.on('newListener', onNewListener);","  }","}","","/**"," * Returns `true` if the stream is already emitting \"keypress\" events."," * `false` otherwise."," *"," * @param {Stream} stream readable stream"," * @return {Boolean} `true` if the stream is emitting \"keypress\" events"," * @api private"," */","","function isEmittingKeypress(stream) {","  var rtn = !!stream._keypressDecoder;","  if (!rtn) {","    // XXX: for older versions of node (v0.6.x, v0.8.x) we want to remove the","    // existing \"data\" and \"newListener\" keypress events since they won't include","    // this `keypress` module extensions (like \"mousepress\" events).","    stream.listeners('data').slice(0).forEach(function(l) {","      if (l.name == 'onData' && /emitKey/.test(l.toString())) {","        stream.removeListener('data', l);","      }","    });","    stream.listeners('newListener').slice(0).forEach(function(l) {","      if (l.name == 'onNewListener' && /keypress/.test(l.toString())) {","        stream.removeListener('newListener', l);","      }","    });","  }","  return rtn;","}","","/**"," * Enables \"mousepress\" events on the *input* stream. Note that `stream` must be"," * an *output* stream (i.e. a Writable Stream instance), usually `process.stdout`."," *"," * @param {Stream} stream writable stream instance"," * @api public"," */","","exports.enableMouse = function (stream) {","  stream.write('\\x1b[?1000h');","};","","/**"," * Disables \"mousepress\" events from being sent to the *input* stream."," * Note that `stream` must be an *output* stream (i.e. a Writable Stream instance),"," * usually `process.stdout`."," *"," * @param {Stream} stream writable stream instance"," * @api public"," */","","exports.disableMouse = function (stream) {","  stream.write('\\x1b[?1000l');","};","","/**"," * `EventEmitter.listenerCount()` polyfill, for backwards compat."," *"," * @param {Emitter} emitter event emitter instance"," * @param {String} event event name"," * @return {Number} number of listeners for `event`"," * @api public"," */","","var listenerCount = EventEmitter.listenerCount;","if (!listenerCount) {","  listenerCount = function(emitter, event) {","    return emitter.listeners(event).length;","  };","}","","","///////////////////////////////////////////////////////////////////////","// Below this function is code from node-core's `readline.js` module //","///////////////////////////////////////////////////////////////////////","","","/*","  Some patterns seen in terminal key escape codes, derived from combos seen","  at http://www.midnight-commander.org/browser/lib/tty/key.c","","  ESC letter","  ESC [ letter","  ESC [ modifier letter","  ESC [ 1 ; modifier letter","  ESC [ num char","  ESC [ num ; modifier char","  ESC O letter","  ESC O modifier letter","  ESC O 1 ; modifier letter","  ESC N letter","  ESC [ [ num ; modifier char","  ESC [ [ 1 ; modifier letter","  ESC ESC [ num char","  ESC ESC O letter","","  - char is usually ~ but $ and ^ also happen with rxvt","  - modifier is 1 +","                (shift     * 1) +","                (left_alt  * 2) +","                (ctrl      * 4) +","                (right_alt * 8)","  - two leading ESCs apparently mean the same as one leading ESC","*/","","// Regexes used for ansi escape code splitting","var metaKeyCodeRe = /^(?:\\x1b)([a-zA-Z0-9])$/;","var functionKeyCodeRe =","    /^(?:\\x1b+)(O|N|\\[|\\[\\[)(?:(\\d+)(?:;(\\d+))?([~^$])|(?:1;)?(\\d+)?([a-zA-Z]))/;","","function emitKey(stream, s) {","  var ch,","      key = {","        name: undefined,","        ctrl: false,","        meta: false,","        shift: false","      },","      parts;","","  if (Buffer.isBuffer(s)) {","    if (s[0] > 127 && s[1] === undefined) {","      s[0] -= 128;","      s = '\\x1b' + s.toString(stream.encoding || 'utf-8');","    } else {","      s = s.toString(stream.encoding || 'utf-8');","    }","  }","","  key.sequence = s;","","  if (s === '\\r') {","    // carriage return","    key.name = 'return';","","  } else if (s === '\\n') {","    // enter, should have been called linefeed","    key.name = 'enter';","","  } else if (s === '\\t') {","    // tab","    key.name = 'tab';","","  } else if (s === '\\b' || s === '\\x7f' ||","             s === '\\x1b\\x7f' || s === '\\x1b\\b') {","    // backspace or ctrl+h","    key.name = 'backspace';","    key.meta = (s.charAt(0) === '\\x1b');","","  } else if (s === '\\x1b' || s === '\\x1b\\x1b') {","    // escape key","    key.name = 'escape';","    key.meta = (s.length === 2);","","  } else if (s === ' ' || s === '\\x1b ') {","    key.name = 'space';","    key.meta = (s.length === 2);","","  } else if (s <= '\\x1a') {","    // ctrl+letter","    key.name = String.fromCharCode(s.charCodeAt(0) + 'a'.charCodeAt(0) - 1);","    key.ctrl = true;","","  } else if (s.length === 1 && s >= 'a' && s <= 'z') {","    // lowercase letter","    key.name = s;","","  } else if (s.length === 1 && s >= 'A' && s <= 'Z') {","    // shift+letter","    key.name = s.toLowerCase();","    key.shift = true;","","  } else if (parts = metaKeyCodeRe.exec(s)) {","    // meta+character key","    key.name = parts[1].toLowerCase();","    key.meta = true;","    key.shift = /^[A-Z]$/.test(parts[1]);","","  } else if (parts = functionKeyCodeRe.exec(s)) {","    // ansi escape sequence","","    // reassemble the key code leaving out leading \\x1b's,","    // the modifier key bitflag and any meaningless \"1;\" sequence","    var code = (parts[1] || '') + (parts[2] || '') +","               (parts[4] || '') + (parts[6] || ''),","        modifier = (parts[3] || parts[5] || 1) - 1;","","    // Parse the key modifier","    key.ctrl = !!(modifier & 4);","    key.meta = !!(modifier & 10);","    key.shift = !!(modifier & 1);","    key.code = code;","","    // Parse the key itself","    switch (code) {","      /* xterm/gnome ESC O letter */","      case 'OP': key.name = 'f1'; break;","      case 'OQ': key.name = 'f2'; break;","      case 'OR': key.name = 'f3'; break;","      case 'OS': key.name = 'f4'; break;","","      /* xterm/rxvt ESC [ number ~ */","      case '[11~': key.name = 'f1'; break;","      case '[12~': key.name = 'f2'; break;","      case '[13~': key.name = 'f3'; break;","      case '[14~': key.name = 'f4'; break;","","      /* from Cygwin and used in libuv */","      case '[[A': key.name = 'f1'; break;","      case '[[B': key.name = 'f2'; break;","      case '[[C': key.name = 'f3'; break;","      case '[[D': key.name = 'f4'; break;","      case '[[E': key.name = 'f5'; break;","","      /* common */","      case '[15~': key.name = 'f5'; break;","      case '[17~': key.name = 'f6'; break;","      case '[18~': key.name = 'f7'; break;","      case '[19~': key.name = 'f8'; break;","      case '[20~': key.name = 'f9'; break;","      case '[21~': key.name = 'f10'; break;","      case '[23~': key.name = 'f11'; break;","      case '[24~': key.name = 'f12'; break;","","      /* xterm ESC [ letter */","      case '[A': key.name = 'up'; break;","      case '[B': key.name = 'down'; break;","      case '[C': key.name = 'right'; break;","      case '[D': key.name = 'left'; break;","      case '[E': key.name = 'clear'; break;","      case '[F': key.name = 'end'; break;","      case '[H': key.name = 'home'; break;","","      /* xterm/gnome ESC O letter */","      case 'OA': key.name = 'up'; break;","      case 'OB': key.name = 'down'; break;","      case 'OC': key.name = 'right'; break;","      case 'OD': key.name = 'left'; break;","      case 'OE': key.name = 'clear'; break;","      case 'OF': key.name = 'end'; break;","      case 'OH': key.name = 'home'; break;","","      /* xterm/rxvt ESC [ number ~ */","      case '[1~': key.name = 'home'; break;","      case '[2~': key.name = 'insert'; break;","      case '[3~': key.name = 'delete'; break;","      case '[4~': key.name = 'end'; break;","      case '[5~': key.name = 'pageup'; break;","      case '[6~': key.name = 'pagedown'; break;","","      /* putty */","      case '[[5~': key.name = 'pageup'; break;","      case '[[6~': key.name = 'pagedown'; break;","","      /* rxvt */","      case '[7~': key.name = 'home'; break;","      case '[8~': key.name = 'end'; break;","","      /* rxvt keys with modifiers */","      case '[a': key.name = 'up'; key.shift = true; break;","      case '[b': key.name = 'down'; key.shift = true; break;","      case '[c': key.name = 'right'; key.shift = true; break;","      case '[d': key.name = 'left'; key.shift = true; break;","      case '[e': key.name = 'clear'; key.shift = true; break;","","      case '[2$': key.name = 'insert'; key.shift = true; break;","      case '[3$': key.name = 'delete'; key.shift = true; break;","      case '[5$': key.name = 'pageup'; key.shift = true; break;","      case '[6$': key.name = 'pagedown'; key.shift = true; break;","      case '[7$': key.name = 'home'; key.shift = true; break;","      case '[8$': key.name = 'end'; key.shift = true; break;","","      case 'Oa': key.name = 'up'; key.ctrl = true; break;","      case 'Ob': key.name = 'down'; key.ctrl = true; break;","      case 'Oc': key.name = 'right'; key.ctrl = true; break;","      case 'Od': key.name = 'left'; key.ctrl = true; break;","      case 'Oe': key.name = 'clear'; key.ctrl = true; break;","","      case '[2^': key.name = 'insert'; key.ctrl = true; break;","      case '[3^': key.name = 'delete'; key.ctrl = true; break;","      case '[5^': key.name = 'pageup'; key.ctrl = true; break;","      case '[6^': key.name = 'pagedown'; key.ctrl = true; break;","      case '[7^': key.name = 'home'; key.ctrl = true; break;","      case '[8^': key.name = 'end'; key.ctrl = true; break;","","      /* misc. */","      case '[Z': key.name = 'tab'; key.shift = true; break;","      default: key.name = 'undefined'; break;","","    }","  } else if (s.length > 1 && s[0] !== '\\x1b') {","    // Got a longer-than-one string of characters.","    // Probably a paste, since it wasn't a control sequence.","    Array.prototype.forEach.call(s, function(c) {","      emitKey(stream, c);","    });","    return;","  }","","  // XXX: this \"mouse\" parsing code is NOT part of the node-core standard","  // `readline.js` module, and is a `keypress` module non-standard extension.","  if (key.code == '[M') {","    key.name = 'mouse';","    var s = key.sequence;","    var b = s.charCodeAt(3);","    key.x = s.charCodeAt(4) - 040;","    key.y = s.charCodeAt(5) - 040;","","    key.scroll = 0;","","    key.ctrl  = !!(1<<4 & b);","    key.meta  = !!(1<<3 & b);","    key.shift = !!(1<<2 & b);","","    key.release = (3 & b) === 3;","","    if (1<<6 & b) { //scroll","      key.scroll = 1 & b ? 1 : -1;","    }","","    if (!key.release && !key.scroll) {","      key.button = b & 3;","    }","  }","","  // Don't emit a key if no name was found","  if (key.name === undefined) {","    key = undefined;","  }","","  if (s.length === 1) {","    ch = s;","  }","","  if (key && key.name == 'mouse') {","    stream.emit('mousepress', key);","  } else if (key || ch) {","    stream.emit('keypress', ch, key);","  }","}",""],"l":{"6":1,"12":1,"39":1,"40":0,"42":0,"43":0,"45":1,"46":0,"47":0,"48":0,"51":0,"52":0,"56":1,"57":0,"58":0,"59":0,"63":0,"64":0,"66":0,"79":1,"80":0,"81":0,"85":0,"86":0,"87":0,"90":0,"91":0,"92":0,"96":0,"107":1,"108":0,"120":1,"121":0,"133":1,"134":1,"135":0,"136":0,"175":1,"176":1,"179":1,"180":0,"189":0,"190":0,"191":0,"192":0,"194":0,"198":0,"200":0,"202":0,"204":0,"206":0,"208":0,"210":0,"212":0,"215":0,"216":0,"218":0,"220":0,"221":0,"223":0,"224":0,"225":0,"227":0,"229":0,"230":0,"232":0,"234":0,"236":0,"238":0,"239":0,"241":0,"243":0,"244":0,"245":0,"247":0,"252":0,"257":0,"258":0,"259":0,"260":0,"263":0,"265":0,"266":0,"267":0,"268":0,"271":0,"272":0,"273":0,"274":0,"277":0,"278":0,"279":0,"280":0,"281":0,"284":0,"285":0,"286":0,"287":0,"288":0,"289":0,"290":0,"291":0,"294":0,"295":0,"296":0,"297":0,"298":0,"299":0,"300":0,"303":0,"304":0,"305":0,"306":0,"307":0,"308":0,"309":0,"312":0,"313":0,"314":0,"315":0,"316":0,"317":0,"320":0,"321":0,"324":0,"325":0,"328":0,"329":0,"330":0,"331":0,"332":0,"334":0,"335":0,"336":0,"337":0,"338":0,"339":0,"341":0,"342":0,"343":0,"344":0,"345":0,"347":0,"348":0,"349":0,"350":0,"351":0,"352":0,"355":0,"356":0,"359":0,"362":0,"363":0,"365":0,"370":0,"371":0,"372":0,"373":0,"374":0,"375":0,"377":0,"379":0,"380":0,"381":0,"383":0,"385":0,"386":0,"389":0,"390":0,"395":0,"396":0,"399":0,"400":0,"403":0,"404":0,"405":0,"406":0}}}